{"level":"info","message":"Synchronizing database...","metadata":{"environment":"development","service":"payment-service"},"timestamp":"2024-11-15 05:48:28"}
{"level":"info","message":"Database models synchronized successfully","metadata":{"environment":"development","service":"payment-service"},"timestamp":"2024-11-15 05:48:29"}
{"level":"info","message":"Database synchronized successfully","metadata":{"environment":"development","service":"payment-service"},"timestamp":"2024-11-15 05:48:29"}
{"level":"info","message":"Payment service running on port 3003","metadata":{"environment":"development","service":"payment-service"},"timestamp":"2024-11-15 05:48:29"}
{"level":"info","message":"Request processed","metadata":{"duration":90,"environment":"development","method":"GET","path":"/health","service":"payment-service","statusCode":503},"timestamp":"2024-11-15 05:48:54"}
{"level":"info","message":"Request processed","metadata":{"duration":37,"environment":"development","method":"GET","path":"/health","service":"payment-service","statusCode":503},"timestamp":"2024-11-15 05:49:25"}
{"level":"info","message":"User authenticated: 1","metadata":{"environment":"development","service":"payment-service"},"timestamp":"2024-11-15 05:49:37"}
{"level":"info","message":"Creating payment for project","metadata":{"amount":1000,"environment":"development","projectId":11,"service":"payment-service","userId":1},"timestamp":"2024-11-15 05:49:37"}
{"level":"info","message":"Starting payment saga: payment-1731649777266","metadata":{"environment":"development","service":"payment-service"},"timestamp":"2024-11-15 05:49:37"}
{"level":"info","message":"Saga started: payment-1731649777266","metadata":{"environment":"development","service":"payment-service"},"timestamp":"2024-11-15 05:49:37"}
{"level":"error","message":"Payment saga failed: payment-1731649777266 Project validation failed","metadata":{"environment":"development","service":"payment-service","stack":"Error: Project validation failed\n    at /usr/src/app/src/sagas/paymentSaga.js:44:17\n    at process.processTicksAndRejections (node:internal/process/task_queues:95:5)\n    at async CircuitBreaker.execute (/usr/src/app/src/utils/circuitBreaker.js:27:24)\n    at async PaymentSaga.processPayment (/usr/src/app/src/sagas/paymentSaga.js:33:7)\n    at async createPayment (/usr/src/app/src/controllers/paymentController.js:16:22)"},"timestamp":"2024-11-15 05:49:37"}
{"level":"error","message":"Saga failed: payment-1731649777266","metadata":{"environment":"development","service":"payment-service"},"timestamp":"2024-11-15 05:49:37"}
{"level":"info","message":"Starting compensation for payment saga: 1","metadata":{"environment":"development","service":"payment-service"},"timestamp":"2024-11-15 05:49:37"}
{"level":"info","message":"Compensation completed for payment: 1","metadata":{"environment":"development","service":"payment-service"},"timestamp":"2024-11-15 05:49:37"}
{"level":"error","message":"Error creating payment: Project validation failed","metadata":{"environment":"development","service":"payment-service","stack":"Error: Project validation failed\n    at /usr/src/app/src/sagas/paymentSaga.js:44:17\n    at process.processTicksAndRejections (node:internal/process/task_queues:95:5)\n    at async CircuitBreaker.execute (/usr/src/app/src/utils/circuitBreaker.js:27:24)\n    at async PaymentSaga.processPayment (/usr/src/app/src/sagas/paymentSaga.js:33:7)\n    at async createPayment (/usr/src/app/src/controllers/paymentController.js:16:22)"},"timestamp":"2024-11-15 05:49:37"}
{"level":"info","message":"Request processed","metadata":{"duration":125,"environment":"development","method":"POST","path":"/create","service":"payment-service","statusCode":500},"timestamp":"2024-11-15 05:49:37"}
{"level":"info","message":"Request processed","metadata":{"duration":35,"environment":"development","method":"GET","path":"/health","service":"payment-service","statusCode":503},"timestamp":"2024-11-15 05:49:55"}
{"level":"info","message":"Request processed","metadata":{"duration":34,"environment":"development","method":"GET","path":"/health","service":"payment-service","statusCode":503},"timestamp":"2024-11-15 05:50:25"}
{"level":"info","message":"Request processed","metadata":{"duration":51,"environment":"development","method":"GET","path":"/health","service":"payment-service","statusCode":503},"timestamp":"2024-11-15 05:50:55"}
{"level":"info","message":"Request processed","metadata":{"duration":67,"environment":"development","method":"GET","path":"/health","service":"payment-service","statusCode":503},"timestamp":"2024-11-15 05:51:25"}
{"level":"info","message":"Request processed","metadata":{"duration":43,"environment":"development","method":"GET","path":"/health","service":"payment-service","statusCode":503},"timestamp":"2024-11-15 05:51:55"}
{"level":"info","message":"Request processed","metadata":{"duration":43,"environment":"development","method":"GET","path":"/health","service":"payment-service","statusCode":503},"timestamp":"2024-11-15 05:52:26"}
{"level":"info","message":"Request processed","metadata":{"duration":28,"environment":"development","method":"GET","path":"/health","service":"payment-service","statusCode":503},"timestamp":"2024-11-15 05:52:56"}
{"level":"info","message":"Request processed","metadata":{"duration":33,"environment":"development","method":"GET","path":"/health","service":"payment-service","statusCode":503},"timestamp":"2024-11-15 05:53:26"}
{"level":"info","message":"Request processed","metadata":{"duration":27,"environment":"development","method":"GET","path":"/health","service":"payment-service","statusCode":503},"timestamp":"2024-11-15 05:53:56"}
{"level":"info","message":"Request processed","metadata":{"duration":28,"environment":"development","method":"GET","path":"/health","service":"payment-service","statusCode":503},"timestamp":"2024-11-15 05:54:26"}
{"level":"info","message":"Request processed","metadata":{"duration":36,"environment":"development","method":"GET","path":"/health","service":"payment-service","statusCode":503},"timestamp":"2024-11-15 05:54:56"}
{"level":"info","message":"Request processed","metadata":{"duration":32,"environment":"development","method":"GET","path":"/health","service":"payment-service","statusCode":503},"timestamp":"2024-11-15 05:55:27"}
{"level":"info","message":"Request processed","metadata":{"duration":28,"environment":"development","method":"GET","path":"/health","service":"payment-service","statusCode":503},"timestamp":"2024-11-15 05:55:57"}
{"level":"info","message":"Request processed","metadata":{"duration":27,"environment":"development","method":"GET","path":"/health","service":"payment-service","statusCode":503},"timestamp":"2024-11-15 05:56:27"}
{"level":"info","message":"Request processed","metadata":{"duration":25,"environment":"development","method":"GET","path":"/health","service":"payment-service","statusCode":503},"timestamp":"2024-11-15 05:56:57"}
{"level":"info","message":"Request processed","metadata":{"duration":33,"environment":"development","method":"GET","path":"/health","service":"payment-service","statusCode":503},"timestamp":"2024-11-15 05:57:27"}
{"level":"info","message":"Request processed","metadata":{"duration":27,"environment":"development","method":"GET","path":"/health","service":"payment-service","statusCode":503},"timestamp":"2024-11-15 05:57:57"}
{"level":"info","message":"Request processed","metadata":{"duration":34,"environment":"development","method":"GET","path":"/health","service":"payment-service","statusCode":503},"timestamp":"2024-11-15 05:58:27"}
{"level":"info","message":"Request processed","metadata":{"duration":29,"environment":"development","method":"GET","path":"/health","service":"payment-service","statusCode":503},"timestamp":"2024-11-15 05:58:58"}
{"level":"info","message":"Request processed","metadata":{"duration":24,"environment":"development","method":"GET","path":"/health","service":"payment-service","statusCode":503},"timestamp":"2024-11-15 05:59:28"}
{"level":"info","message":"Request processed","metadata":{"duration":29,"environment":"development","method":"GET","path":"/health","service":"payment-service","statusCode":503},"timestamp":"2024-11-15 05:59:58"}
{"level":"info","message":"Request processed","metadata":{"duration":26,"environment":"development","method":"GET","path":"/health","service":"payment-service","statusCode":503},"timestamp":"2024-11-15 06:00:28"}
{"level":"info","message":"Request processed","metadata":{"duration":29,"environment":"development","method":"GET","path":"/health","service":"payment-service","statusCode":503},"timestamp":"2024-11-15 06:00:58"}
{"level":"info","message":"Request processed","metadata":{"duration":27,"environment":"development","method":"GET","path":"/health","service":"payment-service","statusCode":503},"timestamp":"2024-11-15 06:01:28"}
{"level":"info","message":"Request processed","metadata":{"duration":25,"environment":"development","method":"GET","path":"/health","service":"payment-service","statusCode":503},"timestamp":"2024-11-15 06:01:59"}
{"level":"info","message":"Request processed","metadata":{"duration":29,"environment":"development","method":"GET","path":"/health","service":"payment-service","statusCode":503},"timestamp":"2024-11-15 06:02:29"}
{"level":"info","message":"Request processed","metadata":{"duration":28,"environment":"development","method":"GET","path":"/health","service":"payment-service","statusCode":503},"timestamp":"2024-11-15 06:02:59"}
{"level":"info","message":"Request processed","metadata":{"duration":28,"environment":"development","method":"GET","path":"/health","service":"payment-service","statusCode":503},"timestamp":"2024-11-15 06:03:29"}
{"level":"info","message":"Request processed","metadata":{"duration":25,"environment":"development","method":"GET","path":"/health","service":"payment-service","statusCode":503},"timestamp":"2024-11-15 06:03:59"}
{"level":"info","message":"Synchronizing database...","metadata":{"environment":"development","service":"payment-service"},"timestamp":"2024-11-15 06:05:32"}
{"level":"info","message":"Database models synchronized successfully","metadata":{"environment":"development","service":"payment-service"},"timestamp":"2024-11-15 06:05:32"}
{"level":"info","message":"Database synchronized successfully","metadata":{"environment":"development","service":"payment-service"},"timestamp":"2024-11-15 06:05:32"}
{"level":"info","message":"Payment service running on port 3003","metadata":{"environment":"development","service":"payment-service"},"timestamp":"2024-11-15 06:05:32"}
{"level":"info","message":"Request processed","metadata":{"duration":215,"environment":"development","method":"GET","path":"/health","service":"payment-service","statusCode":503},"timestamp":"2024-11-15 06:06:01"}
{"level":"info","message":"User authenticated: 1","metadata":{"environment":"development","service":"payment-service"},"timestamp":"2024-11-15 06:06:22"}
{"level":"info","message":"Creating payment for project","metadata":{"amount":1000,"environment":"development","projectId":12,"service":"payment-service","userId":1},"timestamp":"2024-11-15 06:06:22"}
{"level":"info","message":"Starting payment saga: payment-1731650782949","metadata":{"environment":"development","service":"payment-service"},"timestamp":"2024-11-15 06:06:22"}
{"level":"info","message":"Saga started: payment-1731650782949","metadata":{"environment":"development","service":"payment-service"},"timestamp":"2024-11-15 06:06:22"}
{"level":"error","message":"Payment saga failed: payment-1731650782949 Operation timed out","metadata":{"environment":"development","service":"payment-service","stack":"Error: Operation timed out\n    at Timeout._onTimeout (/usr/src/app/src/utils/circuitBreaker.js:24:35)\n    at listOnTimeout (node:internal/timers:569:17)\n    at process.processTimers (node:internal/timers:512:7)"},"timestamp":"2024-11-15 06:06:29"}
{"level":"error","message":"Saga failed: payment-1731650782949","metadata":{"environment":"development","service":"payment-service"},"timestamp":"2024-11-15 06:06:29"}
{"level":"info","message":"Starting compensation for payment saga: 1","metadata":{"environment":"development","service":"payment-service"},"timestamp":"2024-11-15 06:06:29"}
{"level":"info","message":"Compensation completed for payment: 1","metadata":{"environment":"development","service":"payment-service"},"timestamp":"2024-11-15 06:06:29"}
{"level":"error","message":"Error creating payment: Operation timed out","metadata":{"environment":"development","service":"payment-service","stack":"Error: Operation timed out\n    at Timeout._onTimeout (/usr/src/app/src/utils/circuitBreaker.js:24:35)\n    at listOnTimeout (node:internal/timers:569:17)\n    at process.processTimers (node:internal/timers:512:7)"},"timestamp":"2024-11-15 06:06:29"}
{"level":"info","message":"Request processed","metadata":{"duration":6203,"environment":"development","method":"POST","path":"/create","service":"payment-service","statusCode":500},"timestamp":"2024-11-15 06:06:29"}
{"level":"info","message":"Request processed","metadata":{"duration":28,"environment":"development","method":"GET","path":"/health","service":"payment-service","statusCode":503},"timestamp":"2024-11-15 06:06:31"}
{"level":"info","message":"Request processed","metadata":{"duration":69,"environment":"development","method":"GET","path":"/health","service":"payment-service","statusCode":503},"timestamp":"2024-11-15 06:07:01"}
{"level":"info","message":"Request processed","metadata":{"duration":101,"environment":"development","method":"GET","path":"/health","service":"payment-service","statusCode":503},"timestamp":"2024-11-15 06:07:32"}
{"level":"info","message":"Request processed","metadata":{"duration":46,"environment":"development","method":"GET","path":"/health","service":"payment-service","statusCode":503},"timestamp":"2024-11-15 06:08:02"}
{"level":"info","message":"Request processed","metadata":{"duration":44,"environment":"development","method":"GET","path":"/health","service":"payment-service","statusCode":503},"timestamp":"2024-11-15 06:08:32"}
{"level":"info","message":"Request processed","metadata":{"duration":50,"environment":"development","method":"GET","path":"/health","service":"payment-service","statusCode":503},"timestamp":"2024-11-15 06:09:02"}
{"level":"info","message":"Request processed","metadata":{"duration":46,"environment":"development","method":"GET","path":"/health","service":"payment-service","statusCode":503},"timestamp":"2024-11-15 06:09:32"}
{"level":"info","message":"Request processed","metadata":{"duration":39,"environment":"development","method":"GET","path":"/health","service":"payment-service","statusCode":503},"timestamp":"2024-11-15 06:10:02"}
{"level":"info","message":"Request processed","metadata":{"duration":31,"environment":"development","method":"GET","path":"/health","service":"payment-service","statusCode":503},"timestamp":"2024-11-15 06:10:32"}
{"level":"info","message":"Request processed","metadata":{"duration":35,"environment":"development","method":"GET","path":"/health","service":"payment-service","statusCode":503},"timestamp":"2024-11-15 06:11:02"}
{"level":"info","message":"Request processed","metadata":{"duration":31,"environment":"development","method":"GET","path":"/health","service":"payment-service","statusCode":503},"timestamp":"2024-11-15 06:11:33"}
{"level":"info","message":"Request processed","metadata":{"duration":27,"environment":"development","method":"GET","path":"/health","service":"payment-service","statusCode":503},"timestamp":"2024-11-15 06:12:03"}
{"level":"info","message":"Request processed","metadata":{"duration":35,"environment":"development","method":"GET","path":"/health","service":"payment-service","statusCode":503},"timestamp":"2024-11-15 06:12:33"}
{"level":"info","message":"Request processed","metadata":{"duration":40,"environment":"development","method":"GET","path":"/health","service":"payment-service","statusCode":503},"timestamp":"2024-11-15 06:13:03"}
{"level":"info","message":"Request processed","metadata":{"duration":30,"environment":"development","method":"GET","path":"/health","service":"payment-service","statusCode":503},"timestamp":"2024-11-15 06:13:33"}
{"level":"info","message":"Request processed","metadata":{"duration":28,"environment":"development","method":"GET","path":"/health","service":"payment-service","statusCode":503},"timestamp":"2024-11-15 06:14:03"}
{"level":"info","message":"Request processed","metadata":{"duration":26,"environment":"development","method":"GET","path":"/health","service":"payment-service","statusCode":503},"timestamp":"2024-11-15 06:14:33"}
{"level":"info","message":"Request processed","metadata":{"duration":27,"environment":"development","method":"GET","path":"/health","service":"payment-service","statusCode":503},"timestamp":"2024-11-15 06:15:04"}
{"level":"info","message":"Request processed","metadata":{"duration":37,"environment":"development","method":"GET","path":"/health","service":"payment-service","statusCode":503},"timestamp":"2024-11-15 06:15:34"}
{"level":"info","message":"Request processed","metadata":{"duration":24,"environment":"development","method":"GET","path":"/health","service":"payment-service","statusCode":503},"timestamp":"2024-11-15 06:16:04"}
{"level":"info","message":"Request processed","metadata":{"duration":31,"environment":"development","method":"GET","path":"/health","service":"payment-service","statusCode":503},"timestamp":"2024-11-15 06:16:34"}
{"level":"info","message":"Request processed","metadata":{"duration":25,"environment":"development","method":"GET","path":"/health","service":"payment-service","statusCode":503},"timestamp":"2024-11-15 06:17:04"}
{"level":"info","message":"Request processed","metadata":{"duration":29,"environment":"development","method":"GET","path":"/health","service":"payment-service","statusCode":503},"timestamp":"2024-11-15 06:17:34"}
{"level":"info","message":"Request processed","metadata":{"duration":29,"environment":"development","method":"GET","path":"/health","service":"payment-service","statusCode":503},"timestamp":"2024-11-15 06:18:04"}
{"level":"info","message":"Request processed","metadata":{"duration":27,"environment":"development","method":"GET","path":"/health","service":"payment-service","statusCode":503},"timestamp":"2024-11-15 06:18:35"}
{"level":"info","message":"Request processed","metadata":{"duration":35,"environment":"development","method":"GET","path":"/health","service":"payment-service","statusCode":503},"timestamp":"2024-11-15 06:19:05"}
{"level":"info","message":"Request processed","metadata":{"duration":47,"environment":"development","method":"GET","path":"/health","service":"payment-service","statusCode":503},"timestamp":"2024-11-15 06:19:35"}
{"level":"info","message":"Request processed","metadata":{"duration":26,"environment":"development","method":"GET","path":"/health","service":"payment-service","statusCode":503},"timestamp":"2024-11-15 06:20:05"}
{"level":"info","message":"Request processed","metadata":{"duration":37,"environment":"development","method":"GET","path":"/health","service":"payment-service","statusCode":503},"timestamp":"2024-11-15 06:20:35"}
{"level":"info","message":"Request processed","metadata":{"duration":28,"environment":"development","method":"GET","path":"/health","service":"payment-service","statusCode":503},"timestamp":"2024-11-15 06:21:05"}
{"level":"info","message":"Request processed","metadata":{"duration":64,"environment":"development","method":"GET","path":"/health","service":"payment-service","statusCode":503},"timestamp":"2024-11-15 06:21:36"}
{"level":"info","message":"Request processed","metadata":{"duration":25,"environment":"development","method":"GET","path":"/health","service":"payment-service","statusCode":503},"timestamp":"2024-11-15 06:22:06"}
{"level":"info","message":"Request processed","metadata":{"duration":48,"environment":"development","method":"GET","path":"/health","service":"payment-service","statusCode":503},"timestamp":"2024-11-15 06:22:36"}
{"level":"info","message":"Request processed","metadata":{"duration":31,"environment":"development","method":"GET","path":"/health","service":"payment-service","statusCode":503},"timestamp":"2024-11-15 06:23:06"}
{"level":"info","message":"Request processed","metadata":{"duration":30,"environment":"development","method":"GET","path":"/health","service":"payment-service","statusCode":503},"timestamp":"2024-11-15 06:23:36"}
{"level":"info","message":"Request processed","metadata":{"duration":30,"environment":"development","method":"GET","path":"/health","service":"payment-service","statusCode":503},"timestamp":"2024-11-15 06:24:06"}
{"level":"info","message":"Request processed","metadata":{"duration":29,"environment":"development","method":"GET","path":"/health","service":"payment-service","statusCode":503},"timestamp":"2024-11-15 06:24:36"}
{"level":"info","message":"Request processed","metadata":{"duration":24,"environment":"development","method":"GET","path":"/health","service":"payment-service","statusCode":503},"timestamp":"2024-11-15 06:25:07"}
{"level":"info","message":"Synchronizing database...","metadata":{"environment":"development","service":"payment-service"},"timestamp":"2024-11-15 06:26:32"}
{"level":"info","message":"Database models synchronized successfully","metadata":{"environment":"development","service":"payment-service"},"timestamp":"2024-11-15 06:26:32"}
{"level":"info","message":"Database synchronized successfully","metadata":{"environment":"development","service":"payment-service"},"timestamp":"2024-11-15 06:26:32"}
{"level":"info","message":"Payment service running on port 3003","metadata":{"environment":"development","service":"payment-service"},"timestamp":"2024-11-15 06:26:32"}
{"level":"info","message":"Request processed","metadata":{"duration":184,"environment":"development","method":"GET","path":"/health","service":"payment-service","statusCode":503},"timestamp":"2024-11-15 06:27:01"}
{"level":"info","message":"User authenticated: 1","metadata":{"environment":"development","service":"payment-service"},"timestamp":"2024-11-15 06:27:27"}
{"level":"info","message":"Creating payment for project","metadata":{"amount":1000,"environment":"development","projectId":13,"service":"payment-service","userId":1},"timestamp":"2024-11-15 06:27:27"}
{"level":"info","message":"Starting payment saga: payment-1731652047605","metadata":{"environment":"development","service":"payment-service"},"timestamp":"2024-11-15 06:27:27"}
{"level":"info","message":"Saga started: payment-1731652047605","metadata":{"environment":"development","service":"payment-service"},"timestamp":"2024-11-15 06:27:27"}
{"level":"error","message":"Payment saga failed: payment-1731652047605 projectServiceBreaker is not defined","metadata":{"environment":"development","service":"payment-service","stack":"ReferenceError: projectServiceBreaker is not defined\n    at PaymentSaga.processPayment (/usr/src/app/src/sagas/paymentSaga.js:33:7)\n    at process.processTicksAndRejections (node:internal/process/task_queues:95:5)\n    at async createPayment (/usr/src/app/src/controllers/paymentController.js:16:22)"},"timestamp":"2024-11-15 06:27:27"}
{"level":"error","message":"Saga failed: payment-1731652047605","metadata":{"environment":"development","service":"payment-service"},"timestamp":"2024-11-15 06:27:27"}
{"level":"info","message":"Starting compensation for payment saga: 1","metadata":{"environment":"development","service":"payment-service"},"timestamp":"2024-11-15 06:27:27"}
{"level":"info","message":"Compensation completed for payment: 1","metadata":{"environment":"development","service":"payment-service"},"timestamp":"2024-11-15 06:27:27"}
{"level":"error","message":"Error creating payment: projectServiceBreaker is not defined","metadata":{"environment":"development","service":"payment-service","stack":"ReferenceError: projectServiceBreaker is not defined\n    at PaymentSaga.processPayment (/usr/src/app/src/sagas/paymentSaga.js:33:7)\n    at process.processTicksAndRejections (node:internal/process/task_queues:95:5)\n    at async createPayment (/usr/src/app/src/controllers/paymentController.js:16:22)"},"timestamp":"2024-11-15 06:27:27"}
{"level":"info","message":"Request processed","metadata":{"duration":335,"environment":"development","method":"POST","path":"/create","service":"payment-service","statusCode":500},"timestamp":"2024-11-15 06:27:27"}
{"level":"info","message":"Request processed","metadata":{"duration":34,"environment":"development","method":"GET","path":"/health","service":"payment-service","statusCode":503},"timestamp":"2024-11-15 06:27:31"}
{"level":"info","message":"Request processed","metadata":{"duration":40,"environment":"development","method":"GET","path":"/health","service":"payment-service","statusCode":503},"timestamp":"2024-11-15 06:28:01"}
{"level":"info","message":"Request processed","metadata":{"duration":97,"environment":"development","method":"GET","path":"/health","service":"payment-service","statusCode":503},"timestamp":"2024-11-15 06:28:31"}
{"level":"info","message":"Request processed","metadata":{"duration":38,"environment":"development","method":"GET","path":"/health","service":"payment-service","statusCode":503},"timestamp":"2024-11-15 06:29:01"}
{"level":"info","message":"Request processed","metadata":{"duration":29,"environment":"development","method":"GET","path":"/health","service":"payment-service","statusCode":503},"timestamp":"2024-11-15 06:29:31"}
{"level":"info","message":"Request processed","metadata":{"duration":30,"environment":"development","method":"GET","path":"/health","service":"payment-service","statusCode":503},"timestamp":"2024-11-15 06:30:02"}
{"level":"info","message":"Request processed","metadata":{"duration":70,"environment":"development","method":"GET","path":"/health","service":"payment-service","statusCode":503},"timestamp":"2024-11-15 06:30:32"}
{"level":"info","message":"Request processed","metadata":{"duration":35,"environment":"development","method":"GET","path":"/health","service":"payment-service","statusCode":503},"timestamp":"2024-11-15 06:31:02"}
{"level":"info","message":"Request processed","metadata":{"duration":36,"environment":"development","method":"GET","path":"/health","service":"payment-service","statusCode":503},"timestamp":"2024-11-15 06:31:32"}
{"level":"info","message":"Request processed","metadata":{"duration":79,"environment":"development","method":"GET","path":"/health","service":"payment-service","statusCode":503},"timestamp":"2024-11-15 06:32:02"}
{"level":"info","message":"Request processed","metadata":{"duration":31,"environment":"development","method":"GET","path":"/health","service":"payment-service","statusCode":503},"timestamp":"2024-11-15 06:32:32"}
{"level":"info","message":"Request processed","metadata":{"duration":29,"environment":"development","method":"GET","path":"/health","service":"payment-service","statusCode":503},"timestamp":"2024-11-15 06:33:02"}
{"level":"info","message":"Request processed","metadata":{"duration":34,"environment":"development","method":"GET","path":"/health","service":"payment-service","statusCode":503},"timestamp":"2024-11-15 06:33:32"}
{"level":"info","message":"Request processed","metadata":{"duration":36,"environment":"development","method":"GET","path":"/health","service":"payment-service","statusCode":503},"timestamp":"2024-11-15 06:34:03"}
{"level":"info","message":"Request processed","metadata":{"duration":40,"environment":"development","method":"GET","path":"/health","service":"payment-service","statusCode":503},"timestamp":"2024-11-15 06:34:33"}
{"level":"info","message":"Request processed","metadata":{"duration":28,"environment":"development","method":"GET","path":"/health","service":"payment-service","statusCode":503},"timestamp":"2024-11-15 06:35:03"}
{"level":"info","message":"Request processed","metadata":{"duration":29,"environment":"development","method":"GET","path":"/health","service":"payment-service","statusCode":503},"timestamp":"2024-11-15 06:35:33"}
{"level":"info","message":"Request processed","metadata":{"duration":26,"environment":"development","method":"GET","path":"/health","service":"payment-service","statusCode":503},"timestamp":"2024-11-15 06:36:03"}
{"level":"info","message":"Request processed","metadata":{"duration":32,"environment":"development","method":"GET","path":"/health","service":"payment-service","statusCode":503},"timestamp":"2024-11-15 06:36:33"}
{"level":"info","message":"Request processed","metadata":{"duration":33,"environment":"development","method":"GET","path":"/health","service":"payment-service","statusCode":503},"timestamp":"2024-11-15 06:37:03"}
{"level":"info","message":"Request processed","metadata":{"duration":40,"environment":"development","method":"GET","path":"/health","service":"payment-service","statusCode":503},"timestamp":"2024-11-15 06:37:34"}
{"level":"info","message":"Synchronizing database...","metadata":{"environment":"development","service":"payment-service"},"timestamp":"2024-11-15 06:39:21"}
{"level":"info","message":"Database models synchronized successfully","metadata":{"environment":"development","service":"payment-service"},"timestamp":"2024-11-15 06:39:22"}
{"level":"info","message":"Database synchronized successfully","metadata":{"environment":"development","service":"payment-service"},"timestamp":"2024-11-15 06:39:22"}
{"level":"info","message":"Payment service running on port 3003","metadata":{"environment":"development","service":"payment-service"},"timestamp":"2024-11-15 06:39:22"}
{"level":"info","message":"Request processed","metadata":{"duration":179,"environment":"development","method":"GET","path":"/health","service":"payment-service","statusCode":503},"timestamp":"2024-11-15 06:39:49"}
{"level":"info","message":"User authenticated: 1","metadata":{"environment":"development","service":"payment-service"},"timestamp":"2024-11-15 06:40:11"}
{"level":"info","message":"Creating payment for project","metadata":{"amount":1000,"environment":"development","projectId":14,"service":"payment-service","userId":1},"timestamp":"2024-11-15 06:40:11"}
{"level":"info","message":"Starting payment saga: payment-1731652811024","metadata":{"environment":"development","service":"payment-service"},"timestamp":"2024-11-15 06:40:11"}
{"level":"info","message":"Saga started: payment-1731652811024","metadata":{"environment":"development","service":"payment-service"},"timestamp":"2024-11-15 06:40:11"}
{"level":"info","message":"Payment saga completed successfully: payment-1731652811024","metadata":{"environment":"development","service":"payment-service"},"timestamp":"2024-11-15 06:40:12"}
{"level":"info","message":"Saga completed: payment-1731652811024","metadata":{"environment":"development","service":"payment-service"},"timestamp":"2024-11-15 06:40:12"}
{"level":"info","message":"Payment created successfully: 1","metadata":{"environment":"development","service":"payment-service"},"timestamp":"2024-11-15 06:40:12"}
{"level":"info","message":"Request processed","metadata":{"duration":1206,"environment":"development","method":"POST","path":"/create","service":"payment-service","statusCode":201},"timestamp":"2024-11-15 06:40:12"}
{"level":"info","message":"Request processed","metadata":{"duration":25,"environment":"development","method":"GET","path":"/health","service":"payment-service","statusCode":503},"timestamp":"2024-11-15 06:40:19"}
{"level":"info","message":"Request processed","metadata":{"duration":90,"environment":"development","method":"GET","path":"/health","service":"payment-service","statusCode":503},"timestamp":"2024-11-15 06:40:49"}
{"level":"info","message":"Request processed","metadata":{"duration":27,"environment":"development","method":"GET","path":"/health","service":"payment-service","statusCode":503},"timestamp":"2024-11-15 06:41:19"}
{"level":"info","message":"Request processed","metadata":{"duration":31,"environment":"development","method":"GET","path":"/health","service":"payment-service","statusCode":503},"timestamp":"2024-11-15 06:41:49"}
{"level":"info","message":"User authenticated: 1","metadata":{"environment":"development","service":"payment-service"},"timestamp":"2024-11-15 06:42:04"}
{"level":"info","message":"Creating payment for project","metadata":{"amount":1000,"environment":"development","projectId":15,"service":"payment-service","userId":1},"timestamp":"2024-11-15 06:42:04"}
{"level":"info","message":"Starting payment saga: payment-1731652924557","metadata":{"environment":"development","service":"payment-service"},"timestamp":"2024-11-15 06:42:04"}
{"level":"info","message":"Saga started: payment-1731652924557","metadata":{"environment":"development","service":"payment-service"},"timestamp":"2024-11-15 06:42:04"}
{"level":"info","message":"Payment saga completed successfully: payment-1731652924557","metadata":{"environment":"development","service":"payment-service"},"timestamp":"2024-11-15 06:42:05"}
{"level":"info","message":"Saga completed: payment-1731652924557","metadata":{"environment":"development","service":"payment-service"},"timestamp":"2024-11-15 06:42:05"}
{"level":"info","message":"Payment created successfully: 2","metadata":{"environment":"development","service":"payment-service"},"timestamp":"2024-11-15 06:42:05"}
{"level":"info","message":"Request processed","metadata":{"duration":1160,"environment":"development","method":"POST","path":"/create","service":"payment-service","statusCode":201},"timestamp":"2024-11-15 06:42:05"}
{"level":"info","message":"Request processed","metadata":{"duration":28,"environment":"development","method":"GET","path":"/health","service":"payment-service","statusCode":503},"timestamp":"2024-11-15 06:42:19"}
{"level":"info","message":"Request processed","metadata":{"duration":27,"environment":"development","method":"GET","path":"/health","service":"payment-service","statusCode":503},"timestamp":"2024-11-15 06:42:49"}
{"level":"info","message":"Request processed","metadata":{"duration":30,"environment":"development","method":"GET","path":"/health","service":"payment-service","statusCode":503},"timestamp":"2024-11-15 06:43:20"}
{"level":"info","message":"Request processed","metadata":{"duration":28,"environment":"development","method":"GET","path":"/health","service":"payment-service","statusCode":503},"timestamp":"2024-11-15 06:43:50"}
{"level":"info","message":"Request processed","metadata":{"duration":28,"environment":"development","method":"GET","path":"/health","service":"payment-service","statusCode":503},"timestamp":"2024-11-15 06:44:20"}
{"level":"info","message":"Request processed","metadata":{"duration":27,"environment":"development","method":"GET","path":"/health","service":"payment-service","statusCode":503},"timestamp":"2024-11-15 06:44:50"}
{"level":"info","message":"Request processed","metadata":{"duration":27,"environment":"development","method":"GET","path":"/health","service":"payment-service","statusCode":503},"timestamp":"2024-11-15 06:45:20"}
{"level":"info","message":"Request processed","metadata":{"duration":32,"environment":"development","method":"GET","path":"/health","service":"payment-service","statusCode":503},"timestamp":"2024-11-15 06:45:50"}
{"level":"info","message":"Request processed","metadata":{"duration":24,"environment":"development","method":"GET","path":"/health","service":"payment-service","statusCode":503},"timestamp":"2024-11-15 06:46:20"}
{"level":"info","message":"Request processed","metadata":{"duration":36,"environment":"development","method":"GET","path":"/health","service":"payment-service","statusCode":503},"timestamp":"2024-11-15 06:46:50"}
{"level":"info","message":"Request processed","metadata":{"duration":27,"environment":"development","method":"GET","path":"/health","service":"payment-service","statusCode":503},"timestamp":"2024-11-15 06:47:20"}
{"level":"info","message":"Request processed","metadata":{"duration":28,"environment":"development","method":"GET","path":"/health","service":"payment-service","statusCode":503},"timestamp":"2024-11-15 06:47:51"}
{"level":"info","message":"Request processed","metadata":{"duration":29,"environment":"development","method":"GET","path":"/health","service":"payment-service","statusCode":503},"timestamp":"2024-11-15 06:48:21"}
{"level":"info","message":"Request processed","metadata":{"duration":41,"environment":"development","method":"GET","path":"/health","service":"payment-service","statusCode":503},"timestamp":"2024-11-15 06:48:51"}
{"level":"info","message":"User authenticated: 1","metadata":{"environment":"development","service":"payment-service"},"timestamp":"2024-11-15 06:48:57"}
{"level":"info","message":"Creating payment for project","metadata":{"amount":1000,"environment":"development","projectId":16,"service":"payment-service","userId":1},"timestamp":"2024-11-15 06:48:57"}
{"level":"info","message":"Starting payment saga: payment-1731653337856","metadata":{"environment":"development","service":"payment-service"},"timestamp":"2024-11-15 06:48:57"}
{"level":"info","message":"Saga started: payment-1731653337856","metadata":{"environment":"development","service":"payment-service"},"timestamp":"2024-11-15 06:48:57"}
{"level":"info","message":"Payment saga completed successfully: payment-1731653337856","metadata":{"environment":"development","service":"payment-service"},"timestamp":"2024-11-15 06:48:58"}
{"level":"info","message":"Saga completed: payment-1731653337856","metadata":{"environment":"development","service":"payment-service"},"timestamp":"2024-11-15 06:48:58"}
{"level":"info","message":"Payment created successfully: 3","metadata":{"environment":"development","service":"payment-service"},"timestamp":"2024-11-15 06:48:58"}
{"level":"info","message":"Request processed","metadata":{"duration":1093,"environment":"development","method":"POST","path":"/create","service":"payment-service","statusCode":201},"timestamp":"2024-11-15 06:48:58"}
{"level":"info","message":"User authenticated: 1","metadata":{"environment":"development","service":"payment-service"},"timestamp":"2024-11-15 06:49:00"}
{"level":"info","message":"Creating payment for project","metadata":{"amount":1000,"environment":"development","projectId":17,"service":"payment-service","userId":1},"timestamp":"2024-11-15 06:49:00"}
{"level":"info","message":"Starting payment saga: payment-1731653340160","metadata":{"environment":"development","service":"payment-service"},"timestamp":"2024-11-15 06:49:00"}
{"level":"info","message":"Saga started: payment-1731653340160","metadata":{"environment":"development","service":"payment-service"},"timestamp":"2024-11-15 06:49:00"}
{"level":"info","message":"Payment saga completed successfully: payment-1731653340160","metadata":{"environment":"development","service":"payment-service"},"timestamp":"2024-11-15 06:49:01"}
{"level":"info","message":"Saga completed: payment-1731653340160","metadata":{"environment":"development","service":"payment-service"},"timestamp":"2024-11-15 06:49:01"}
{"level":"info","message":"Payment created successfully: 4","metadata":{"environment":"development","service":"payment-service"},"timestamp":"2024-11-15 06:49:01"}
{"level":"info","message":"Request processed","metadata":{"duration":1082,"environment":"development","method":"POST","path":"/create","service":"payment-service","statusCode":201},"timestamp":"2024-11-15 06:49:01"}
{"level":"info","message":"User authenticated: 1","metadata":{"environment":"development","service":"payment-service"},"timestamp":"2024-11-15 06:49:02"}
{"level":"info","message":"Creating payment for project","metadata":{"amount":1000,"environment":"development","projectId":18,"service":"payment-service","userId":1},"timestamp":"2024-11-15 06:49:02"}
{"level":"info","message":"Starting payment saga: payment-1731653342466","metadata":{"environment":"development","service":"payment-service"},"timestamp":"2024-11-15 06:49:02"}
{"level":"info","message":"Saga started: payment-1731653342466","metadata":{"environment":"development","service":"payment-service"},"timestamp":"2024-11-15 06:49:02"}
{"level":"info","message":"Payment saga completed successfully: payment-1731653342466","metadata":{"environment":"development","service":"payment-service"},"timestamp":"2024-11-15 06:49:03"}
{"level":"info","message":"Saga completed: payment-1731653342466","metadata":{"environment":"development","service":"payment-service"},"timestamp":"2024-11-15 06:49:03"}
{"level":"info","message":"Payment created successfully: 5","metadata":{"environment":"development","service":"payment-service"},"timestamp":"2024-11-15 06:49:03"}
{"level":"info","message":"Request processed","metadata":{"duration":1076,"environment":"development","method":"POST","path":"/create","service":"payment-service","statusCode":201},"timestamp":"2024-11-15 06:49:03"}
{"level":"info","message":"User authenticated: 1","metadata":{"environment":"development","service":"payment-service"},"timestamp":"2024-11-15 06:49:04"}
{"level":"info","message":"Creating payment for project","metadata":{"amount":1000,"environment":"development","projectId":19,"service":"payment-service","userId":1},"timestamp":"2024-11-15 06:49:04"}
{"level":"info","message":"Starting payment saga: payment-1731653344717","metadata":{"environment":"development","service":"payment-service"},"timestamp":"2024-11-15 06:49:04"}
{"level":"info","message":"Saga started: payment-1731653344717","metadata":{"environment":"development","service":"payment-service"},"timestamp":"2024-11-15 06:49:04"}
{"level":"info","message":"Payment saga completed successfully: payment-1731653344717","metadata":{"environment":"development","service":"payment-service"},"timestamp":"2024-11-15 06:49:05"}
{"level":"info","message":"Saga completed: payment-1731653344717","metadata":{"environment":"development","service":"payment-service"},"timestamp":"2024-11-15 06:49:05"}
{"level":"info","message":"Payment created successfully: 6","metadata":{"environment":"development","service":"payment-service"},"timestamp":"2024-11-15 06:49:05"}
{"level":"info","message":"Request processed","metadata":{"duration":1080,"environment":"development","method":"POST","path":"/create","service":"payment-service","statusCode":201},"timestamp":"2024-11-15 06:49:05"}
{"level":"info","message":"User authenticated: 1","metadata":{"environment":"development","service":"payment-service"},"timestamp":"2024-11-15 06:49:06"}
{"level":"info","message":"Creating payment for project","metadata":{"amount":1000,"environment":"development","projectId":20,"service":"payment-service","userId":1},"timestamp":"2024-11-15 06:49:06"}
{"level":"info","message":"Starting payment saga: payment-1731653346972","metadata":{"environment":"development","service":"payment-service"},"timestamp":"2024-11-15 06:49:06"}
{"level":"info","message":"Saga started: payment-1731653346972","metadata":{"environment":"development","service":"payment-service"},"timestamp":"2024-11-15 06:49:06"}
{"level":"info","message":"Payment saga completed successfully: payment-1731653346972","metadata":{"environment":"development","service":"payment-service"},"timestamp":"2024-11-15 06:49:08"}
{"level":"info","message":"Saga completed: payment-1731653346972","metadata":{"environment":"development","service":"payment-service"},"timestamp":"2024-11-15 06:49:08"}
{"level":"info","message":"Payment created successfully: 7","metadata":{"environment":"development","service":"payment-service"},"timestamp":"2024-11-15 06:49:08"}
{"level":"info","message":"Request processed","metadata":{"duration":1074,"environment":"development","method":"POST","path":"/create","service":"payment-service","statusCode":201},"timestamp":"2024-11-15 06:49:08"}
{"level":"info","message":"User authenticated: 1","metadata":{"environment":"development","service":"payment-service"},"timestamp":"2024-11-15 06:49:09"}
{"level":"info","message":"Creating payment for project","metadata":{"amount":1000,"environment":"development","projectId":21,"service":"payment-service","userId":1},"timestamp":"2024-11-15 06:49:09"}
{"level":"info","message":"Starting payment saga: payment-1731653349230","metadata":{"environment":"development","service":"payment-service"},"timestamp":"2024-11-15 06:49:09"}
{"level":"info","message":"Saga started: payment-1731653349230","metadata":{"environment":"development","service":"payment-service"},"timestamp":"2024-11-15 06:49:09"}
{"level":"info","message":"Payment saga completed successfully: payment-1731653349230","metadata":{"environment":"development","service":"payment-service"},"timestamp":"2024-11-15 06:49:10"}
{"level":"info","message":"Saga completed: payment-1731653349230","metadata":{"environment":"development","service":"payment-service"},"timestamp":"2024-11-15 06:49:10"}
{"level":"info","message":"Payment created successfully: 8","metadata":{"environment":"development","service":"payment-service"},"timestamp":"2024-11-15 06:49:10"}
{"level":"info","message":"Request processed","metadata":{"duration":1081,"environment":"development","method":"POST","path":"/create","service":"payment-service","statusCode":201},"timestamp":"2024-11-15 06:49:10"}
{"level":"info","message":"Request processed","metadata":{"duration":30,"environment":"development","method":"GET","path":"/health","service":"payment-service","statusCode":503},"timestamp":"2024-11-15 06:49:21"}
{"level":"info","message":"Request processed","metadata":{"duration":28,"environment":"development","method":"GET","path":"/health","service":"payment-service","statusCode":503},"timestamp":"2024-11-15 06:49:51"}
{"level":"info","message":"Request processed","metadata":{"duration":30,"environment":"development","method":"GET","path":"/health","service":"payment-service","statusCode":503},"timestamp":"2024-11-15 06:50:21"}
{"level":"info","message":"Request processed","metadata":{"duration":70,"environment":"development","method":"GET","path":"/health","service":"payment-service","statusCode":503},"timestamp":"2024-11-15 06:50:51"}
{"level":"info","message":"Request processed","metadata":{"duration":27,"environment":"development","method":"GET","path":"/health","service":"payment-service","statusCode":503},"timestamp":"2024-11-15 06:51:22"}
{"level":"info","message":"Request processed","metadata":{"duration":28,"environment":"development","method":"GET","path":"/health","service":"payment-service","statusCode":503},"timestamp":"2024-11-15 06:51:52"}
{"level":"info","message":"Request processed","metadata":{"duration":29,"environment":"development","method":"GET","path":"/health","service":"payment-service","statusCode":503},"timestamp":"2024-11-15 06:52:22"}
{"level":"info","message":"Request processed","metadata":{"duration":43,"environment":"development","method":"GET","path":"/health","service":"payment-service","statusCode":503},"timestamp":"2024-11-15 06:52:52"}
{"level":"info","message":"Request processed","metadata":{"duration":29,"environment":"development","method":"GET","path":"/health","service":"payment-service","statusCode":503},"timestamp":"2024-11-15 06:53:22"}
{"level":"info","message":"Request processed","metadata":{"duration":29,"environment":"development","method":"GET","path":"/health","service":"payment-service","statusCode":503},"timestamp":"2024-11-15 06:53:52"}
{"level":"info","message":"Request processed","metadata":{"duration":26,"environment":"development","method":"GET","path":"/health","service":"payment-service","statusCode":503},"timestamp":"2024-11-15 06:54:22"}
{"level":"info","message":"Request processed","metadata":{"duration":34,"environment":"development","method":"GET","path":"/health","service":"payment-service","statusCode":503},"timestamp":"2024-11-15 06:54:52"}
{"level":"info","message":"Request processed","metadata":{"duration":25,"environment":"development","method":"GET","path":"/health","service":"payment-service","statusCode":503},"timestamp":"2024-11-15 06:55:23"}
{"level":"info","message":"Request processed","metadata":{"duration":46,"environment":"development","method":"GET","path":"/health","service":"payment-service","statusCode":503},"timestamp":"2024-11-15 06:55:53"}
