2024-11-15 05:48:28 [info]: Synchronizing database...
2024-11-15 05:48:29 [info]: Database models synchronized successfully
2024-11-15 05:48:29 [info]: Database synchronized successfully
2024-11-15 05:48:29 [info]: Payment service running on port 3003
2024-11-15 05:48:54 [info]: Request processed
2024-11-15 05:49:25 [info]: Request processed
2024-11-15 05:49:37 [info]: User authenticated: 1
2024-11-15 05:49:37 [info]: Creating payment for project
2024-11-15 05:49:37 [info]: Starting payment saga: payment-1731649777266
2024-11-15 05:49:37 [info]: Saga started: payment-1731649777266
2024-11-15 05:49:37 [error]: Payment saga failed: payment-1731649777266 Project validation failed
2024-11-15 05:49:37 [error]: Saga failed: payment-1731649777266
2024-11-15 05:49:37 [info]: Starting compensation for payment saga: 1
2024-11-15 05:49:37 [info]: Compensation completed for payment: 1
2024-11-15 05:49:37 [error]: Error creating payment: Project validation failed
2024-11-15 05:49:37 [info]: Request processed
2024-11-15 05:49:55 [info]: Request processed
2024-11-15 05:50:25 [info]: Request processed
2024-11-15 05:50:55 [info]: Request processed
2024-11-15 05:51:25 [info]: Request processed
2024-11-15 05:51:55 [info]: Request processed
2024-11-15 05:52:26 [info]: Request processed
2024-11-15 05:52:56 [info]: Request processed
2024-11-15 05:53:26 [info]: Request processed
2024-11-15 05:53:56 [info]: Request processed
2024-11-15 05:54:26 [info]: Request processed
2024-11-15 05:54:56 [info]: Request processed
2024-11-15 05:55:27 [info]: Request processed
2024-11-15 05:55:57 [info]: Request processed
2024-11-15 05:56:27 [info]: Request processed
2024-11-15 05:56:57 [info]: Request processed
2024-11-15 05:57:27 [info]: Request processed
2024-11-15 05:57:57 [info]: Request processed
2024-11-15 05:58:27 [info]: Request processed
2024-11-15 05:58:58 [info]: Request processed
2024-11-15 05:59:28 [info]: Request processed
2024-11-15 05:59:58 [info]: Request processed
2024-11-15 06:00:28 [info]: Request processed
2024-11-15 06:00:58 [info]: Request processed
2024-11-15 06:01:28 [info]: Request processed
2024-11-15 06:01:59 [info]: Request processed
2024-11-15 06:02:29 [info]: Request processed
2024-11-15 06:02:59 [info]: Request processed
2024-11-15 06:03:29 [info]: Request processed
2024-11-15 06:03:59 [info]: Request processed
2024-11-15 06:05:32 [info]: Synchronizing database...
2024-11-15 06:05:32 [info]: Database models synchronized successfully
2024-11-15 06:05:32 [info]: Database synchronized successfully
2024-11-15 06:05:32 [info]: Payment service running on port 3003
2024-11-15 06:06:01 [info]: Request processed
2024-11-15 06:06:22 [info]: User authenticated: 1
2024-11-15 06:06:22 [info]: Creating payment for project
2024-11-15 06:06:22 [info]: Starting payment saga: payment-1731650782949
2024-11-15 06:06:22 [info]: Saga started: payment-1731650782949
2024-11-15 06:06:29 [error]: Payment saga failed: payment-1731650782949 Operation timed out
2024-11-15 06:06:29 [error]: Saga failed: payment-1731650782949
2024-11-15 06:06:29 [info]: Starting compensation for payment saga: 1
2024-11-15 06:06:29 [info]: Compensation completed for payment: 1
2024-11-15 06:06:29 [error]: Error creating payment: Operation timed out
2024-11-15 06:06:29 [info]: Request processed
2024-11-15 06:06:31 [info]: Request processed
2024-11-15 06:07:01 [info]: Request processed
2024-11-15 06:07:32 [info]: Request processed
2024-11-15 06:08:02 [info]: Request processed
2024-11-15 06:08:32 [info]: Request processed
2024-11-15 06:09:02 [info]: Request processed
2024-11-15 06:09:32 [info]: Request processed
2024-11-15 06:10:02 [info]: Request processed
2024-11-15 06:10:32 [info]: Request processed
2024-11-15 06:11:02 [info]: Request processed
2024-11-15 06:11:33 [info]: Request processed
2024-11-15 06:12:03 [info]: Request processed
2024-11-15 06:12:33 [info]: Request processed
2024-11-15 06:13:03 [info]: Request processed
2024-11-15 06:13:33 [info]: Request processed
2024-11-15 06:14:03 [info]: Request processed
2024-11-15 06:14:33 [info]: Request processed
2024-11-15 06:15:04 [info]: Request processed
2024-11-15 06:15:34 [info]: Request processed
2024-11-15 06:16:04 [info]: Request processed
2024-11-15 06:16:34 [info]: Request processed
2024-11-15 06:17:04 [info]: Request processed
2024-11-15 06:17:34 [info]: Request processed
2024-11-15 06:18:04 [info]: Request processed
2024-11-15 06:18:35 [info]: Request processed
2024-11-15 06:19:05 [info]: Request processed
2024-11-15 06:19:35 [info]: Request processed
2024-11-15 06:20:05 [info]: Request processed
2024-11-15 06:20:35 [info]: Request processed
2024-11-15 06:21:05 [info]: Request processed
2024-11-15 06:21:36 [info]: Request processed
2024-11-15 06:22:06 [info]: Request processed
2024-11-15 06:22:36 [info]: Request processed
2024-11-15 06:23:06 [info]: Request processed
2024-11-15 06:23:36 [info]: Request processed
2024-11-15 06:24:06 [info]: Request processed
2024-11-15 06:24:36 [info]: Request processed
2024-11-15 06:25:07 [info]: Request processed
2024-11-15 06:26:32 [info]: Synchronizing database...
2024-11-15 06:26:32 [info]: Database models synchronized successfully
2024-11-15 06:26:32 [info]: Database synchronized successfully
2024-11-15 06:26:32 [info]: Payment service running on port 3003
2024-11-15 06:27:01 [info]: Request processed
2024-11-15 06:27:27 [info]: User authenticated: 1
2024-11-15 06:27:27 [info]: Creating payment for project
2024-11-15 06:27:27 [info]: Starting payment saga: payment-1731652047605
2024-11-15 06:27:27 [info]: Saga started: payment-1731652047605
2024-11-15 06:27:27 [error]: Payment saga failed: payment-1731652047605 projectServiceBreaker is not defined
2024-11-15 06:27:27 [error]: Saga failed: payment-1731652047605
2024-11-15 06:27:27 [info]: Starting compensation for payment saga: 1
2024-11-15 06:27:27 [info]: Compensation completed for payment: 1
2024-11-15 06:27:27 [error]: Error creating payment: projectServiceBreaker is not defined
2024-11-15 06:27:27 [info]: Request processed
2024-11-15 06:27:31 [info]: Request processed
2024-11-15 06:28:01 [info]: Request processed
2024-11-15 06:28:31 [info]: Request processed
2024-11-15 06:29:01 [info]: Request processed
2024-11-15 06:29:31 [info]: Request processed
2024-11-15 06:30:02 [info]: Request processed
2024-11-15 06:30:32 [info]: Request processed
2024-11-15 06:31:02 [info]: Request processed
2024-11-15 06:31:32 [info]: Request processed
2024-11-15 06:32:02 [info]: Request processed
2024-11-15 06:32:32 [info]: Request processed
2024-11-15 06:33:02 [info]: Request processed
2024-11-15 06:33:32 [info]: Request processed
2024-11-15 06:34:03 [info]: Request processed
2024-11-15 06:34:33 [info]: Request processed
2024-11-15 06:35:03 [info]: Request processed
2024-11-15 06:35:33 [info]: Request processed
2024-11-15 06:36:03 [info]: Request processed
2024-11-15 06:36:33 [info]: Request processed
2024-11-15 06:37:03 [info]: Request processed
2024-11-15 06:37:34 [info]: Request processed
2024-11-15 06:39:21 [info]: Synchronizing database...
2024-11-15 06:39:22 [info]: Database models synchronized successfully
2024-11-15 06:39:22 [info]: Database synchronized successfully
2024-11-15 06:39:22 [info]: Payment service running on port 3003
2024-11-15 06:39:49 [info]: Request processed
2024-11-15 06:40:11 [info]: User authenticated: 1
2024-11-15 06:40:11 [info]: Creating payment for project
2024-11-15 06:40:11 [info]: Starting payment saga: payment-1731652811024
2024-11-15 06:40:11 [info]: Saga started: payment-1731652811024
2024-11-15 06:40:12 [info]: Payment saga completed successfully: payment-1731652811024
2024-11-15 06:40:12 [info]: Saga completed: payment-1731652811024
2024-11-15 06:40:12 [info]: Payment created successfully: 1
2024-11-15 06:40:12 [info]: Request processed
2024-11-15 06:40:19 [info]: Request processed
2024-11-15 06:40:49 [info]: Request processed
2024-11-15 06:41:19 [info]: Request processed
2024-11-15 06:41:49 [info]: Request processed
2024-11-15 06:42:04 [info]: User authenticated: 1
2024-11-15 06:42:04 [info]: Creating payment for project
2024-11-15 06:42:04 [info]: Starting payment saga: payment-1731652924557
2024-11-15 06:42:04 [info]: Saga started: payment-1731652924557
2024-11-15 06:42:05 [info]: Payment saga completed successfully: payment-1731652924557
2024-11-15 06:42:05 [info]: Saga completed: payment-1731652924557
2024-11-15 06:42:05 [info]: Payment created successfully: 2
2024-11-15 06:42:05 [info]: Request processed
2024-11-15 06:42:19 [info]: Request processed
2024-11-15 06:42:49 [info]: Request processed
2024-11-15 06:43:20 [info]: Request processed
2024-11-15 06:43:50 [info]: Request processed
2024-11-15 06:44:20 [info]: Request processed
2024-11-15 06:44:50 [info]: Request processed
2024-11-15 06:45:20 [info]: Request processed
2024-11-15 06:45:50 [info]: Request processed
2024-11-15 06:46:20 [info]: Request processed
2024-11-15 06:46:50 [info]: Request processed
2024-11-15 06:47:20 [info]: Request processed
2024-11-15 06:47:51 [info]: Request processed
2024-11-15 06:48:21 [info]: Request processed
2024-11-15 06:48:51 [info]: Request processed
2024-11-15 06:48:57 [info]: User authenticated: 1
2024-11-15 06:48:57 [info]: Creating payment for project
2024-11-15 06:48:57 [info]: Starting payment saga: payment-1731653337856
2024-11-15 06:48:57 [info]: Saga started: payment-1731653337856
2024-11-15 06:48:58 [info]: Payment saga completed successfully: payment-1731653337856
2024-11-15 06:48:58 [info]: Saga completed: payment-1731653337856
2024-11-15 06:48:58 [info]: Payment created successfully: 3
2024-11-15 06:48:58 [info]: Request processed
2024-11-15 06:49:00 [info]: User authenticated: 1
2024-11-15 06:49:00 [info]: Creating payment for project
2024-11-15 06:49:00 [info]: Starting payment saga: payment-1731653340160
2024-11-15 06:49:00 [info]: Saga started: payment-1731653340160
2024-11-15 06:49:01 [info]: Payment saga completed successfully: payment-1731653340160
2024-11-15 06:49:01 [info]: Saga completed: payment-1731653340160
2024-11-15 06:49:01 [info]: Payment created successfully: 4
2024-11-15 06:49:01 [info]: Request processed
2024-11-15 06:49:02 [info]: User authenticated: 1
2024-11-15 06:49:02 [info]: Creating payment for project
2024-11-15 06:49:02 [info]: Starting payment saga: payment-1731653342466
2024-11-15 06:49:02 [info]: Saga started: payment-1731653342466
2024-11-15 06:49:03 [info]: Payment saga completed successfully: payment-1731653342466
2024-11-15 06:49:03 [info]: Saga completed: payment-1731653342466
2024-11-15 06:49:03 [info]: Payment created successfully: 5
2024-11-15 06:49:03 [info]: Request processed
2024-11-15 06:49:04 [info]: User authenticated: 1
2024-11-15 06:49:04 [info]: Creating payment for project
2024-11-15 06:49:04 [info]: Starting payment saga: payment-1731653344717
2024-11-15 06:49:04 [info]: Saga started: payment-1731653344717
2024-11-15 06:49:05 [info]: Payment saga completed successfully: payment-1731653344717
2024-11-15 06:49:05 [info]: Saga completed: payment-1731653344717
2024-11-15 06:49:05 [info]: Payment created successfully: 6
2024-11-15 06:49:05 [info]: Request processed
2024-11-15 06:49:06 [info]: User authenticated: 1
2024-11-15 06:49:06 [info]: Creating payment for project
2024-11-15 06:49:06 [info]: Starting payment saga: payment-1731653346972
2024-11-15 06:49:06 [info]: Saga started: payment-1731653346972
2024-11-15 06:49:08 [info]: Payment saga completed successfully: payment-1731653346972
2024-11-15 06:49:08 [info]: Saga completed: payment-1731653346972
2024-11-15 06:49:08 [info]: Payment created successfully: 7
2024-11-15 06:49:08 [info]: Request processed
2024-11-15 06:49:09 [info]: User authenticated: 1
2024-11-15 06:49:09 [info]: Creating payment for project
2024-11-15 06:49:09 [info]: Starting payment saga: payment-1731653349230
2024-11-15 06:49:09 [info]: Saga started: payment-1731653349230
2024-11-15 06:49:10 [info]: Payment saga completed successfully: payment-1731653349230
2024-11-15 06:49:10 [info]: Saga completed: payment-1731653349230
2024-11-15 06:49:10 [info]: Payment created successfully: 8
2024-11-15 06:49:10 [info]: Request processed
2024-11-15 06:49:21 [info]: Request processed
2024-11-15 06:49:51 [info]: Request processed
2024-11-15 06:50:21 [info]: Request processed
2024-11-15 06:50:51 [info]: Request processed
2024-11-15 06:51:22 [info]: Request processed
2024-11-15 06:51:52 [info]: Request processed
2024-11-15 06:52:22 [info]: Request processed
2024-11-15 06:52:52 [info]: Request processed
2024-11-15 06:53:22 [info]: Request processed
2024-11-15 06:53:52 [info]: Request processed
2024-11-15 06:54:22 [info]: Request processed
2024-11-15 06:54:52 [info]: Request processed
2024-11-15 06:55:23 [info]: Request processed
2024-11-15 06:55:53 [info]: Request processed
