2024-11-15 05:48:31 [info] [AUTH] AuthSaga initialized successfully {"metadata":{"service":"auth-service","environment":"development"}}
2024-11-15 05:48:32 [info] [AUTH] Database synchronized {"metadata":{"service":"auth-service","environment":"development"}}
2024-11-15 05:48:32 [info] [AUTH] Auth service running on port 3001 {"metadata":{"service":"auth-service","environment":"development"}}
2024-11-15 05:48:32 [info] [AUTH] Request processed: HEAD /health {"metadata":{"service":"auth-service","environment":"development","method":"HEAD","path":"/health","statusCode":200,"duration":45}}
2024-11-15 05:48:44 [info] [AUTH] Starting registration saga: reg-1731649724813 {"metadata":{"service":"auth-service","environment":"development"}}
2024-11-15 05:48:44 [info] [AUTH] New user created: 1 {"metadata":{"service":"auth-service","environment":"development"}}
2024-11-15 05:48:44 [info] [AUTH] User created in pending state: 1 {"metadata":{"service":"auth-service","environment":"development"}}
2024-11-15 05:48:44 [info] [AUTH] Validation completed for user: 1 {"metadata":{"service":"auth-service","environment":"development"}}
2024-11-15 05:48:44 [info] [AUTH] Registration saga completed successfully: reg-1731649724813 {"metadata":{"service":"auth-service","environment":"development"}}
2024-11-15 05:48:44 [info] [AUTH] User registered successfully: 1 {"metadata":{"service":"auth-service","environment":"development"}}
2024-11-15 05:48:44 [info] [AUTH] Request processed: POST /register {"metadata":{"service":"auth-service","environment":"development","method":"POST","path":"/register","statusCode":201,"duration":379}}
2024-11-15 05:48:52 [info] [AUTH] User logged in successfully: 1 {"metadata":{"service":"auth-service","environment":"development"}}
2024-11-15 05:48:52 [info] [AUTH] Request processed: POST /login {"metadata":{"service":"auth-service","environment":"development","method":"POST","path":"/login","statusCode":200,"duration":193}}
2024-11-15 05:48:54 [info] [AUTH] Request processed: GET /health {"metadata":{"service":"auth-service","environment":"development","method":"GET","path":"/health","statusCode":200,"duration":4}}
2024-11-15 05:48:54 [info] [AUTH] Request processed: GET /health {"metadata":{"service":"auth-service","environment":"development","method":"GET","path":"/health","statusCode":200,"duration":4}}
2024-11-15 05:49:24 [info] [AUTH] Request processed: GET /health {"metadata":{"service":"auth-service","environment":"development","method":"GET","path":"/health","statusCode":200,"duration":53}}
2024-11-15 05:49:24 [info] [AUTH] Request processed: GET /health {"metadata":{"service":"auth-service","environment":"development","method":"GET","path":"/health","statusCode":200,"duration":4}}
2024-11-15 05:49:37 [info] [AUTH] Request processed: GET /validate {"metadata":{"service":"auth-service","environment":"development","method":"GET","path":"/validate","statusCode":200,"duration":24}}
2024-11-15 05:49:37 [info] [AUTH] Request processed: GET /validate {"metadata":{"service":"auth-service","environment":"development","method":"GET","path":"/validate","statusCode":200,"duration":7}}
2024-11-15 05:49:54 [info] [AUTH] Request processed: GET /health {"metadata":{"service":"auth-service","environment":"development","method":"GET","path":"/health","statusCode":200,"duration":22}}
2024-11-15 05:49:55 [info] [AUTH] Request processed: GET /health {"metadata":{"service":"auth-service","environment":"development","method":"GET","path":"/health","statusCode":200,"duration":5}}
2024-11-15 05:50:24 [info] [AUTH] Request processed: GET /health {"metadata":{"service":"auth-service","environment":"development","method":"GET","path":"/health","statusCode":200,"duration":27}}
2024-11-15 05:50:25 [info] [AUTH] Request processed: GET /health {"metadata":{"service":"auth-service","environment":"development","method":"GET","path":"/health","statusCode":200,"duration":5}}
2024-11-15 05:50:54 [info] [AUTH] Request processed: GET /health {"metadata":{"service":"auth-service","environment":"development","method":"GET","path":"/health","statusCode":200,"duration":15}}
2024-11-15 05:50:55 [info] [AUTH] Request processed: GET /health {"metadata":{"service":"auth-service","environment":"development","method":"GET","path":"/health","statusCode":200,"duration":6}}
2024-11-15 05:51:25 [info] [AUTH] Request processed: GET /health {"metadata":{"service":"auth-service","environment":"development","method":"GET","path":"/health","statusCode":200,"duration":19}}
2024-11-15 05:51:25 [info] [AUTH] Request processed: GET /health {"metadata":{"service":"auth-service","environment":"development","method":"GET","path":"/health","statusCode":200,"duration":5}}
2024-11-15 05:51:55 [info] [AUTH] Request processed: GET /health {"metadata":{"service":"auth-service","environment":"development","method":"GET","path":"/health","statusCode":200,"duration":21}}
2024-11-15 05:51:55 [info] [AUTH] Request processed: GET /health {"metadata":{"service":"auth-service","environment":"development","method":"GET","path":"/health","statusCode":200,"duration":5}}
2024-11-15 05:52:25 [info] [AUTH] Request processed: GET /health {"metadata":{"service":"auth-service","environment":"development","method":"GET","path":"/health","statusCode":200,"duration":13}}
2024-11-15 05:52:26 [info] [AUTH] Request processed: GET /health {"metadata":{"service":"auth-service","environment":"development","method":"GET","path":"/health","statusCode":200,"duration":6}}
2024-11-15 05:52:55 [info] [AUTH] Request processed: GET /health {"metadata":{"service":"auth-service","environment":"development","method":"GET","path":"/health","statusCode":200,"duration":16}}
2024-11-15 05:52:56 [info] [AUTH] Request processed: GET /health {"metadata":{"service":"auth-service","environment":"development","method":"GET","path":"/health","statusCode":200,"duration":3}}
2024-11-15 05:53:25 [info] [AUTH] Request processed: GET /health {"metadata":{"service":"auth-service","environment":"development","method":"GET","path":"/health","statusCode":200,"duration":21}}
2024-11-15 05:53:26 [info] [AUTH] Request processed: GET /health {"metadata":{"service":"auth-service","environment":"development","method":"GET","path":"/health","statusCode":200,"duration":4}}
2024-11-15 05:53:55 [info] [AUTH] Request processed: GET /health {"metadata":{"service":"auth-service","environment":"development","method":"GET","path":"/health","statusCode":200,"duration":16}}
2024-11-15 05:53:56 [info] [AUTH] Request processed: GET /health {"metadata":{"service":"auth-service","environment":"development","method":"GET","path":"/health","statusCode":200,"duration":4}}
2024-11-15 05:54:25 [info] [AUTH] Request processed: GET /health {"metadata":{"service":"auth-service","environment":"development","method":"GET","path":"/health","statusCode":200,"duration":15}}
2024-11-15 05:54:26 [info] [AUTH] Request processed: GET /health {"metadata":{"service":"auth-service","environment":"development","method":"GET","path":"/health","statusCode":200,"duration":4}}
2024-11-15 05:54:56 [info] [AUTH] Request processed: GET /health {"metadata":{"service":"auth-service","environment":"development","method":"GET","path":"/health","statusCode":200,"duration":15}}
2024-11-15 05:54:56 [info] [AUTH] Request processed: GET /health {"metadata":{"service":"auth-service","environment":"development","method":"GET","path":"/health","statusCode":200,"duration":4}}
2024-11-15 05:55:26 [info] [AUTH] Request processed: GET /health {"metadata":{"service":"auth-service","environment":"development","method":"GET","path":"/health","statusCode":200,"duration":21}}
2024-11-15 05:55:27 [info] [AUTH] Request processed: GET /health {"metadata":{"service":"auth-service","environment":"development","method":"GET","path":"/health","statusCode":200,"duration":5}}
2024-11-15 05:55:56 [info] [AUTH] Request processed: GET /health {"metadata":{"service":"auth-service","environment":"development","method":"GET","path":"/health","statusCode":200,"duration":16}}
2024-11-15 05:55:57 [info] [AUTH] Request processed: GET /health {"metadata":{"service":"auth-service","environment":"development","method":"GET","path":"/health","statusCode":200,"duration":4}}
2024-11-15 05:56:26 [info] [AUTH] Request processed: GET /health {"metadata":{"service":"auth-service","environment":"development","method":"GET","path":"/health","statusCode":200,"duration":20}}
2024-11-15 05:56:27 [info] [AUTH] Request processed: GET /health {"metadata":{"service":"auth-service","environment":"development","method":"GET","path":"/health","statusCode":200,"duration":4}}
2024-11-15 05:56:56 [info] [AUTH] Request processed: GET /health {"metadata":{"service":"auth-service","environment":"development","method":"GET","path":"/health","statusCode":200,"duration":13}}
2024-11-15 05:56:57 [info] [AUTH] Request processed: GET /health {"metadata":{"service":"auth-service","environment":"development","method":"GET","path":"/health","statusCode":200,"duration":3}}
2024-11-15 05:57:26 [info] [AUTH] Request processed: GET /health {"metadata":{"service":"auth-service","environment":"development","method":"GET","path":"/health","statusCode":200,"duration":14}}
2024-11-15 05:57:27 [info] [AUTH] Request processed: GET /health {"metadata":{"service":"auth-service","environment":"development","method":"GET","path":"/health","statusCode":200,"duration":3}}
2024-11-15 05:57:56 [info] [AUTH] Request processed: GET /health {"metadata":{"service":"auth-service","environment":"development","method":"GET","path":"/health","statusCode":200,"duration":14}}
2024-11-15 05:57:57 [info] [AUTH] Request processed: GET /health {"metadata":{"service":"auth-service","environment":"development","method":"GET","path":"/health","statusCode":200,"duration":4}}
2024-11-15 05:58:27 [info] [AUTH] Request processed: GET /health {"metadata":{"service":"auth-service","environment":"development","method":"GET","path":"/health","statusCode":200,"duration":14}}
2024-11-15 05:58:27 [info] [AUTH] Request processed: GET /health {"metadata":{"service":"auth-service","environment":"development","method":"GET","path":"/health","statusCode":200,"duration":4}}
2024-11-15 05:58:57 [info] [AUTH] Request processed: GET /health {"metadata":{"service":"auth-service","environment":"development","method":"GET","path":"/health","statusCode":200,"duration":13}}
2024-11-15 05:58:58 [info] [AUTH] Request processed: GET /health {"metadata":{"service":"auth-service","environment":"development","method":"GET","path":"/health","statusCode":200,"duration":5}}
2024-11-15 05:59:27 [info] [AUTH] Request processed: GET /health {"metadata":{"service":"auth-service","environment":"development","method":"GET","path":"/health","statusCode":200,"duration":13}}
2024-11-15 05:59:28 [info] [AUTH] Request processed: GET /health {"metadata":{"service":"auth-service","environment":"development","method":"GET","path":"/health","statusCode":200,"duration":4}}
2024-11-15 05:59:57 [info] [AUTH] Request processed: GET /health {"metadata":{"service":"auth-service","environment":"development","method":"GET","path":"/health","statusCode":200,"duration":14}}
2024-11-15 05:59:58 [info] [AUTH] Request processed: GET /health {"metadata":{"service":"auth-service","environment":"development","method":"GET","path":"/health","statusCode":200,"duration":4}}
2024-11-15 06:00:27 [info] [AUTH] Request processed: GET /health {"metadata":{"service":"auth-service","environment":"development","method":"GET","path":"/health","statusCode":200,"duration":16}}
2024-11-15 06:00:28 [info] [AUTH] Request processed: GET /health {"metadata":{"service":"auth-service","environment":"development","method":"GET","path":"/health","statusCode":200,"duration":4}}
2024-11-15 06:00:57 [info] [AUTH] Request processed: GET /health {"metadata":{"service":"auth-service","environment":"development","method":"GET","path":"/health","statusCode":200,"duration":14}}
2024-11-15 06:00:58 [info] [AUTH] Request processed: GET /health {"metadata":{"service":"auth-service","environment":"development","method":"GET","path":"/health","statusCode":200,"duration":3}}
2024-11-15 06:01:28 [info] [AUTH] Request processed: GET /health {"metadata":{"service":"auth-service","environment":"development","method":"GET","path":"/health","statusCode":200,"duration":17}}
2024-11-15 06:01:28 [info] [AUTH] Request processed: GET /health {"metadata":{"service":"auth-service","environment":"development","method":"GET","path":"/health","statusCode":200,"duration":3}}
2024-11-15 06:01:58 [info] [AUTH] Request processed: GET /health {"metadata":{"service":"auth-service","environment":"development","method":"GET","path":"/health","statusCode":200,"duration":16}}
2024-11-15 06:01:59 [info] [AUTH] Request processed: GET /health {"metadata":{"service":"auth-service","environment":"development","method":"GET","path":"/health","statusCode":200,"duration":3}}
2024-11-15 06:02:28 [info] [AUTH] Request processed: GET /health {"metadata":{"service":"auth-service","environment":"development","method":"GET","path":"/health","statusCode":200,"duration":15}}
2024-11-15 06:02:29 [info] [AUTH] Request processed: GET /health {"metadata":{"service":"auth-service","environment":"development","method":"GET","path":"/health","statusCode":200,"duration":5}}
2024-11-15 06:02:58 [info] [AUTH] Request processed: GET /health {"metadata":{"service":"auth-service","environment":"development","method":"GET","path":"/health","statusCode":200,"duration":16}}
2024-11-15 06:02:59 [info] [AUTH] Request processed: GET /health {"metadata":{"service":"auth-service","environment":"development","method":"GET","path":"/health","statusCode":200,"duration":3}}
2024-11-15 06:03:28 [info] [AUTH] Request processed: GET /health {"metadata":{"service":"auth-service","environment":"development","method":"GET","path":"/health","statusCode":200,"duration":17}}
2024-11-15 06:03:29 [info] [AUTH] Request processed: GET /health {"metadata":{"service":"auth-service","environment":"development","method":"GET","path":"/health","statusCode":200,"duration":4}}
2024-11-15 06:03:58 [info] [AUTH] Request processed: GET /health {"metadata":{"service":"auth-service","environment":"development","method":"GET","path":"/health","statusCode":200,"duration":21}}
2024-11-15 06:03:59 [info] [AUTH] Request processed: GET /health {"metadata":{"service":"auth-service","environment":"development","method":"GET","path":"/health","statusCode":200,"duration":3}}
2024-11-15 06:05:34 [info] [AUTH] AuthSaga initialized successfully {"metadata":{"service":"auth-service","environment":"development"}}
2024-11-15 06:05:34 [info] [AUTH] Database synchronized {"metadata":{"service":"auth-service","environment":"development"}}
2024-11-15 06:05:34 [info] [AUTH] Auth service running on port 3001 {"metadata":{"service":"auth-service","environment":"development"}}
2024-11-15 06:05:36 [info] [AUTH] Request processed: HEAD /health {"metadata":{"service":"auth-service","environment":"development","method":"HEAD","path":"/health","statusCode":200,"duration":22}}
2024-11-15 06:05:50 [info] [AUTH] Starting registration saga: reg-1731650750830 {"metadata":{"service":"auth-service","environment":"development"}}
2024-11-15 06:05:50 [info] [AUTH] New user created: 1 {"metadata":{"service":"auth-service","environment":"development"}}
2024-11-15 06:05:50 [info] [AUTH] User created in pending state: 1 {"metadata":{"service":"auth-service","environment":"development"}}
2024-11-15 06:05:50 [info] [AUTH] Validation completed for user: 1 {"metadata":{"service":"auth-service","environment":"development"}}
2024-11-15 06:05:50 [info] [AUTH] Registration saga completed successfully: reg-1731650750830 {"metadata":{"service":"auth-service","environment":"development"}}
2024-11-15 06:05:50 [info] [AUTH] User registered successfully: 1 {"metadata":{"service":"auth-service","environment":"development"}}
2024-11-15 06:05:50 [info] [AUTH] Request processed: POST /register {"metadata":{"service":"auth-service","environment":"development","method":"POST","path":"/register","statusCode":201,"duration":374}}
2024-11-15 06:05:54 [info] [AUTH] User logged in successfully: 1 {"metadata":{"service":"auth-service","environment":"development"}}
2024-11-15 06:05:54 [info] [AUTH] Request processed: POST /login {"metadata":{"service":"auth-service","environment":"development","method":"POST","path":"/login","statusCode":200,"duration":240}}
2024-11-15 06:06:01 [info] [AUTH] Request processed: GET /health {"metadata":{"service":"auth-service","environment":"development","method":"GET","path":"/health","statusCode":200,"duration":7}}
2024-11-15 06:06:01 [info] [AUTH] Request processed: GET /health {"metadata":{"service":"auth-service","environment":"development","method":"GET","path":"/health","statusCode":200,"duration":6}}
2024-11-15 06:06:22 [info] [AUTH] Request processed: GET /validate {"metadata":{"service":"auth-service","environment":"development","method":"GET","path":"/validate","statusCode":200,"duration":35}}
2024-11-15 06:06:22 [info] [AUTH] Request processed: GET /validate {"metadata":{"service":"auth-service","environment":"development","method":"GET","path":"/validate","statusCode":200,"duration":15}}
2024-11-15 06:06:23 [info] [AUTH] Request processed: GET /validate {"metadata":{"service":"auth-service","environment":"development","method":"GET","path":"/validate","statusCode":200,"duration":6}}
2024-11-15 06:06:24 [info] [AUTH] Request processed: GET /validate {"metadata":{"service":"auth-service","environment":"development","method":"GET","path":"/validate","statusCode":200,"duration":7}}
2024-11-15 06:06:31 [info] [AUTH] Request processed: GET /health {"metadata":{"service":"auth-service","environment":"development","method":"GET","path":"/health","statusCode":200,"duration":5}}
2024-11-15 06:06:32 [info] [AUTH] Request processed: GET /health {"metadata":{"service":"auth-service","environment":"development","method":"GET","path":"/health","statusCode":200,"duration":7}}
2024-11-15 06:07:01 [info] [AUTH] Request processed: GET /health {"metadata":{"service":"auth-service","environment":"development","method":"GET","path":"/health","statusCode":200,"duration":20}}
2024-11-15 06:07:02 [info] [AUTH] Request processed: GET /health {"metadata":{"service":"auth-service","environment":"development","method":"GET","path":"/health","statusCode":200,"duration":6}}
2024-11-15 06:07:32 [info] [AUTH] Request processed: GET /health {"metadata":{"service":"auth-service","environment":"development","method":"GET","path":"/health","statusCode":200,"duration":37}}
2024-11-15 06:07:32 [info] [AUTH] Request processed: GET /health {"metadata":{"service":"auth-service","environment":"development","method":"GET","path":"/health","statusCode":200,"duration":3}}
2024-11-15 06:08:02 [info] [AUTH] Request processed: GET /health {"metadata":{"service":"auth-service","environment":"development","method":"GET","path":"/health","statusCode":200,"duration":17}}
2024-11-15 06:08:02 [info] [AUTH] Request processed: GET /health {"metadata":{"service":"auth-service","environment":"development","method":"GET","path":"/health","statusCode":200,"duration":5}}
2024-11-15 06:08:32 [info] [AUTH] Request processed: GET /health {"metadata":{"service":"auth-service","environment":"development","method":"GET","path":"/health","statusCode":200,"duration":14}}
2024-11-15 06:08:32 [info] [AUTH] Request processed: GET /health {"metadata":{"service":"auth-service","environment":"development","method":"GET","path":"/health","statusCode":200,"duration":3}}
2024-11-15 06:09:02 [info] [AUTH] Request processed: GET /health {"metadata":{"service":"auth-service","environment":"development","method":"GET","path":"/health","statusCode":200,"duration":20}}
2024-11-15 06:09:02 [info] [AUTH] Request processed: GET /health {"metadata":{"service":"auth-service","environment":"development","method":"GET","path":"/health","statusCode":200,"duration":12}}
2024-11-15 06:09:32 [info] [AUTH] Request processed: GET /health {"metadata":{"service":"auth-service","environment":"development","method":"GET","path":"/health","statusCode":200,"duration":20}}
2024-11-15 06:09:32 [info] [AUTH] Request processed: GET /health {"metadata":{"service":"auth-service","environment":"development","method":"GET","path":"/health","statusCode":200,"duration":5}}
2024-11-15 06:10:02 [info] [AUTH] Request processed: GET /health {"metadata":{"service":"auth-service","environment":"development","method":"GET","path":"/health","statusCode":200,"duration":19}}
2024-11-15 06:10:02 [info] [AUTH] Request processed: GET /health {"metadata":{"service":"auth-service","environment":"development","method":"GET","path":"/health","statusCode":200,"duration":5}}
2024-11-15 06:10:32 [info] [AUTH] Request processed: GET /health {"metadata":{"service":"auth-service","environment":"development","method":"GET","path":"/health","statusCode":200,"duration":17}}
2024-11-15 06:10:32 [info] [AUTH] Request processed: GET /health {"metadata":{"service":"auth-service","environment":"development","method":"GET","path":"/health","statusCode":200,"duration":4}}
2024-11-15 06:11:02 [info] [AUTH] Request processed: GET /health {"metadata":{"service":"auth-service","environment":"development","method":"GET","path":"/health","statusCode":200,"duration":13}}
2024-11-15 06:11:02 [info] [AUTH] Request processed: GET /health {"metadata":{"service":"auth-service","environment":"development","method":"GET","path":"/health","statusCode":200,"duration":7}}
2024-11-15 06:11:33 [info] [AUTH] Request processed: GET /health {"metadata":{"service":"auth-service","environment":"development","method":"GET","path":"/health","statusCode":200,"duration":15}}
2024-11-15 06:11:33 [info] [AUTH] Request processed: GET /health {"metadata":{"service":"auth-service","environment":"development","method":"GET","path":"/health","statusCode":200,"duration":3}}
2024-11-15 06:12:03 [info] [AUTH] Request processed: GET /health {"metadata":{"service":"auth-service","environment":"development","method":"GET","path":"/health","statusCode":200,"duration":13}}
2024-11-15 06:12:03 [info] [AUTH] Request processed: GET /health {"metadata":{"service":"auth-service","environment":"development","method":"GET","path":"/health","statusCode":200,"duration":4}}
2024-11-15 06:12:33 [info] [AUTH] Request processed: GET /health {"metadata":{"service":"auth-service","environment":"development","method":"GET","path":"/health","statusCode":200,"duration":15}}
2024-11-15 06:12:33 [info] [AUTH] Request processed: GET /health {"metadata":{"service":"auth-service","environment":"development","method":"GET","path":"/health","statusCode":200,"duration":3}}
2024-11-15 06:13:03 [info] [AUTH] Request processed: GET /health {"metadata":{"service":"auth-service","environment":"development","method":"GET","path":"/health","statusCode":200,"duration":19}}
2024-11-15 06:13:03 [info] [AUTH] Request processed: GET /health {"metadata":{"service":"auth-service","environment":"development","method":"GET","path":"/health","statusCode":200,"duration":4}}
2024-11-15 06:13:33 [info] [AUTH] Request processed: GET /health {"metadata":{"service":"auth-service","environment":"development","method":"GET","path":"/health","statusCode":200,"duration":16}}
2024-11-15 06:13:33 [info] [AUTH] Request processed: GET /health {"metadata":{"service":"auth-service","environment":"development","method":"GET","path":"/health","statusCode":200,"duration":3}}
2024-11-15 06:14:03 [info] [AUTH] Request processed: GET /health {"metadata":{"service":"auth-service","environment":"development","method":"GET","path":"/health","statusCode":200,"duration":15}}
2024-11-15 06:14:03 [info] [AUTH] Request processed: GET /health {"metadata":{"service":"auth-service","environment":"development","method":"GET","path":"/health","statusCode":200,"duration":3}}
2024-11-15 06:14:33 [info] [AUTH] Request processed: GET /health {"metadata":{"service":"auth-service","environment":"development","method":"GET","path":"/health","statusCode":200,"duration":15}}
2024-11-15 06:14:33 [info] [AUTH] Request processed: GET /health {"metadata":{"service":"auth-service","environment":"development","method":"GET","path":"/health","statusCode":200,"duration":3}}
2024-11-15 06:15:04 [info] [AUTH] Request processed: GET /health {"metadata":{"service":"auth-service","environment":"development","method":"GET","path":"/health","statusCode":200,"duration":14}}
2024-11-15 06:15:04 [info] [AUTH] Request processed: GET /health {"metadata":{"service":"auth-service","environment":"development","method":"GET","path":"/health","statusCode":200,"duration":3}}
2024-11-15 06:15:34 [info] [AUTH] Request processed: GET /health {"metadata":{"service":"auth-service","environment":"development","method":"GET","path":"/health","statusCode":200,"duration":15}}
2024-11-15 06:15:34 [info] [AUTH] Request processed: GET /health {"metadata":{"service":"auth-service","environment":"development","method":"GET","path":"/health","statusCode":200,"duration":6}}
2024-11-15 06:16:04 [info] [AUTH] Request processed: GET /health {"metadata":{"service":"auth-service","environment":"development","method":"GET","path":"/health","statusCode":200,"duration":12}}
2024-11-15 06:16:04 [info] [AUTH] Request processed: GET /health {"metadata":{"service":"auth-service","environment":"development","method":"GET","path":"/health","statusCode":200,"duration":3}}
2024-11-15 06:16:34 [info] [AUTH] Request processed: GET /health {"metadata":{"service":"auth-service","environment":"development","method":"GET","path":"/health","statusCode":200,"duration":12}}
2024-11-15 06:16:34 [info] [AUTH] Request processed: GET /health {"metadata":{"service":"auth-service","environment":"development","method":"GET","path":"/health","statusCode":200,"duration":9}}
2024-11-15 06:17:04 [info] [AUTH] Request processed: GET /health {"metadata":{"service":"auth-service","environment":"development","method":"GET","path":"/health","statusCode":200,"duration":12}}
2024-11-15 06:17:04 [info] [AUTH] Request processed: GET /health {"metadata":{"service":"auth-service","environment":"development","method":"GET","path":"/health","statusCode":200,"duration":3}}
2024-11-15 06:17:34 [info] [AUTH] Request processed: GET /health {"metadata":{"service":"auth-service","environment":"development","method":"GET","path":"/health","statusCode":200,"duration":16}}
2024-11-15 06:17:34 [info] [AUTH] Request processed: GET /health {"metadata":{"service":"auth-service","environment":"development","method":"GET","path":"/health","statusCode":200,"duration":3}}
2024-11-15 06:18:04 [info] [AUTH] Request processed: GET /health {"metadata":{"service":"auth-service","environment":"development","method":"GET","path":"/health","statusCode":200,"duration":13}}
2024-11-15 06:18:04 [info] [AUTH] Request processed: GET /health {"metadata":{"service":"auth-service","environment":"development","method":"GET","path":"/health","statusCode":200,"duration":5}}
2024-11-15 06:18:35 [info] [AUTH] Request processed: GET /health {"metadata":{"service":"auth-service","environment":"development","method":"GET","path":"/health","statusCode":200,"duration":22}}
2024-11-15 06:18:35 [info] [AUTH] Request processed: GET /health {"metadata":{"service":"auth-service","environment":"development","method":"GET","path":"/health","statusCode":200,"duration":4}}
2024-11-15 06:19:05 [info] [AUTH] Request processed: GET /health {"metadata":{"service":"auth-service","environment":"development","method":"GET","path":"/health","statusCode":200,"duration":14}}
2024-11-15 06:19:05 [info] [AUTH] Request processed: GET /health {"metadata":{"service":"auth-service","environment":"development","method":"GET","path":"/health","statusCode":200,"duration":3}}
2024-11-15 06:19:35 [info] [AUTH] Request processed: GET /health {"metadata":{"service":"auth-service","environment":"development","method":"GET","path":"/health","statusCode":200,"duration":21}}
2024-11-15 06:19:35 [info] [AUTH] Request processed: GET /health {"metadata":{"service":"auth-service","environment":"development","method":"GET","path":"/health","statusCode":200,"duration":14}}
2024-11-15 06:20:05 [info] [AUTH] Request processed: GET /health {"metadata":{"service":"auth-service","environment":"development","method":"GET","path":"/health","statusCode":200,"duration":16}}
2024-11-15 06:20:05 [info] [AUTH] Request processed: GET /health {"metadata":{"service":"auth-service","environment":"development","method":"GET","path":"/health","statusCode":200,"duration":3}}
2024-11-15 06:20:35 [info] [AUTH] Request processed: GET /health {"metadata":{"service":"auth-service","environment":"development","method":"GET","path":"/health","statusCode":200,"duration":19}}
2024-11-15 06:20:35 [info] [AUTH] Request processed: GET /health {"metadata":{"service":"auth-service","environment":"development","method":"GET","path":"/health","statusCode":200,"duration":5}}
2024-11-15 06:21:05 [info] [AUTH] Request processed: GET /health {"metadata":{"service":"auth-service","environment":"development","method":"GET","path":"/health","statusCode":200,"duration":14}}
2024-11-15 06:21:05 [info] [AUTH] Request processed: GET /health {"metadata":{"service":"auth-service","environment":"development","method":"GET","path":"/health","statusCode":200,"duration":6}}
2024-11-15 06:21:36 [info] [AUTH] Request processed: GET /health {"metadata":{"service":"auth-service","environment":"development","method":"GET","path":"/health","statusCode":200,"duration":13}}
2024-11-15 06:21:36 [info] [AUTH] Request processed: GET /health {"metadata":{"service":"auth-service","environment":"development","method":"GET","path":"/health","statusCode":200,"duration":2}}
2024-11-15 06:22:06 [info] [AUTH] Request processed: GET /health {"metadata":{"service":"auth-service","environment":"development","method":"GET","path":"/health","statusCode":200,"duration":12}}
2024-11-15 06:22:06 [info] [AUTH] Request processed: GET /health {"metadata":{"service":"auth-service","environment":"development","method":"GET","path":"/health","statusCode":200,"duration":3}}
2024-11-15 06:22:36 [info] [AUTH] Request processed: GET /health {"metadata":{"service":"auth-service","environment":"development","method":"GET","path":"/health","statusCode":200,"duration":15}}
2024-11-15 06:22:36 [info] [AUTH] Request processed: GET /health {"metadata":{"service":"auth-service","environment":"development","method":"GET","path":"/health","statusCode":200,"duration":17}}
2024-11-15 06:23:06 [info] [AUTH] Request processed: GET /health {"metadata":{"service":"auth-service","environment":"development","method":"GET","path":"/health","statusCode":200,"duration":11}}
2024-11-15 06:23:06 [info] [AUTH] Request processed: GET /health {"metadata":{"service":"auth-service","environment":"development","method":"GET","path":"/health","statusCode":200,"duration":3}}
2024-11-15 06:23:36 [info] [AUTH] Request processed: GET /health {"metadata":{"service":"auth-service","environment":"development","method":"GET","path":"/health","statusCode":200,"duration":12}}
2024-11-15 06:23:36 [info] [AUTH] Request processed: GET /health {"metadata":{"service":"auth-service","environment":"development","method":"GET","path":"/health","statusCode":200,"duration":4}}
2024-11-15 06:24:06 [info] [AUTH] Request processed: GET /health {"metadata":{"service":"auth-service","environment":"development","method":"GET","path":"/health","statusCode":200,"duration":12}}
2024-11-15 06:24:06 [info] [AUTH] Request processed: GET /health {"metadata":{"service":"auth-service","environment":"development","method":"GET","path":"/health","statusCode":200,"duration":3}}
2024-11-15 06:24:36 [info] [AUTH] Request processed: GET /health {"metadata":{"service":"auth-service","environment":"development","method":"GET","path":"/health","statusCode":200,"duration":17}}
2024-11-15 06:24:36 [info] [AUTH] Request processed: GET /health {"metadata":{"service":"auth-service","environment":"development","method":"GET","path":"/health","statusCode":200,"duration":4}}
2024-11-15 06:25:07 [info] [AUTH] Request processed: GET /health {"metadata":{"service":"auth-service","environment":"development","method":"GET","path":"/health","statusCode":200,"duration":16}}
2024-11-15 06:25:07 [info] [AUTH] Request processed: GET /health {"metadata":{"service":"auth-service","environment":"development","method":"GET","path":"/health","statusCode":200,"duration":3}}
2024-11-15 06:26:33 [info] [AUTH] AuthSaga initialized successfully {"metadata":{"service":"auth-service","environment":"development"}}
2024-11-15 06:26:33 [info] [AUTH] Database synchronized {"metadata":{"service":"auth-service","environment":"development"}}
2024-11-15 06:26:33 [info] [AUTH] Auth service running on port 3001 {"metadata":{"service":"auth-service","environment":"development"}}
2024-11-15 06:26:35 [info] [AUTH] Request processed: HEAD /health {"metadata":{"service":"auth-service","environment":"development","method":"HEAD","path":"/health","statusCode":200,"duration":17}}
2024-11-15 06:26:52 [info] [AUTH] Starting registration saga: reg-1731652012379 {"metadata":{"service":"auth-service","environment":"development"}}
2024-11-15 06:26:52 [info] [AUTH] New user created: 1 {"metadata":{"service":"auth-service","environment":"development"}}
2024-11-15 06:26:52 [info] [AUTH] User created in pending state: 1 {"metadata":{"service":"auth-service","environment":"development"}}
2024-11-15 06:26:52 [info] [AUTH] Validation completed for user: 1 {"metadata":{"service":"auth-service","environment":"development"}}
2024-11-15 06:26:52 [info] [AUTH] Registration saga completed successfully: reg-1731652012379 {"metadata":{"service":"auth-service","environment":"development"}}
2024-11-15 06:26:52 [info] [AUTH] User registered successfully: 1 {"metadata":{"service":"auth-service","environment":"development"}}
2024-11-15 06:26:52 [info] [AUTH] Request processed: POST /register {"metadata":{"service":"auth-service","environment":"development","method":"POST","path":"/register","statusCode":201,"duration":501}}
2024-11-15 06:26:57 [info] [AUTH] User logged in successfully: 1 {"metadata":{"service":"auth-service","environment":"development"}}
2024-11-15 06:26:57 [info] [AUTH] Request processed: POST /login {"metadata":{"service":"auth-service","environment":"development","method":"POST","path":"/login","statusCode":200,"duration":238}}
2024-11-15 06:27:01 [info] [AUTH] Request processed: GET /health {"metadata":{"service":"auth-service","environment":"development","method":"GET","path":"/health","statusCode":200,"duration":18}}
2024-11-15 06:27:01 [info] [AUTH] Request processed: GET /health {"metadata":{"service":"auth-service","environment":"development","method":"GET","path":"/health","statusCode":200,"duration":7}}
2024-11-15 06:27:27 [info] [AUTH] Request processed: GET /validate {"metadata":{"service":"auth-service","environment":"development","method":"GET","path":"/validate","statusCode":200,"duration":58}}
2024-11-15 06:27:27 [info] [AUTH] Request processed: GET /validate {"metadata":{"service":"auth-service","environment":"development","method":"GET","path":"/validate","statusCode":200,"duration":16}}
2024-11-15 06:27:31 [info] [AUTH] Request processed: GET /health {"metadata":{"service":"auth-service","environment":"development","method":"GET","path":"/health","statusCode":200,"duration":6}}
2024-11-15 06:27:31 [info] [AUTH] Request processed: GET /health {"metadata":{"service":"auth-service","environment":"development","method":"GET","path":"/health","statusCode":200,"duration":16}}
2024-11-15 06:28:01 [info] [AUTH] Request processed: GET /health {"metadata":{"service":"auth-service","environment":"development","method":"GET","path":"/health","statusCode":200,"duration":53}}
2024-11-15 06:28:01 [info] [AUTH] Request processed: GET /health {"metadata":{"service":"auth-service","environment":"development","method":"GET","path":"/health","statusCode":200,"duration":4}}
2024-11-15 06:28:31 [info] [AUTH] Request processed: GET /health {"metadata":{"service":"auth-service","environment":"development","method":"GET","path":"/health","statusCode":200,"duration":58}}
2024-11-15 06:28:31 [info] [AUTH] Request processed: GET /health {"metadata":{"service":"auth-service","environment":"development","method":"GET","path":"/health","statusCode":200,"duration":18}}
2024-11-15 06:29:01 [info] [AUTH] Request processed: GET /health {"metadata":{"service":"auth-service","environment":"development","method":"GET","path":"/health","statusCode":200,"duration":32}}
2024-11-15 06:29:01 [info] [AUTH] Request processed: GET /health {"metadata":{"service":"auth-service","environment":"development","method":"GET","path":"/health","statusCode":200,"duration":5}}
2024-11-15 06:29:31 [info] [AUTH] Request processed: GET /health {"metadata":{"service":"auth-service","environment":"development","method":"GET","path":"/health","statusCode":200,"duration":14}}
2024-11-15 06:29:31 [info] [AUTH] Request processed: GET /health {"metadata":{"service":"auth-service","environment":"development","method":"GET","path":"/health","statusCode":200,"duration":4}}
2024-11-15 06:30:02 [info] [AUTH] Request processed: GET /health {"metadata":{"service":"auth-service","environment":"development","method":"GET","path":"/health","statusCode":200,"duration":13}}
2024-11-15 06:30:02 [info] [AUTH] Request processed: GET /health {"metadata":{"service":"auth-service","environment":"development","method":"GET","path":"/health","statusCode":200,"duration":3}}
2024-11-15 06:30:32 [info] [AUTH] Request processed: GET /health {"metadata":{"service":"auth-service","environment":"development","method":"GET","path":"/health","statusCode":200,"duration":48}}
2024-11-15 06:30:32 [info] [AUTH] Request processed: GET /health {"metadata":{"service":"auth-service","environment":"development","method":"GET","path":"/health","statusCode":200,"duration":4}}
2024-11-15 06:31:02 [info] [AUTH] Request processed: GET /health {"metadata":{"service":"auth-service","environment":"development","method":"GET","path":"/health","statusCode":200,"duration":16}}
2024-11-15 06:31:02 [info] [AUTH] Request processed: GET /health {"metadata":{"service":"auth-service","environment":"development","method":"GET","path":"/health","statusCode":200,"duration":5}}
2024-11-15 06:31:32 [info] [AUTH] Request processed: GET /health {"metadata":{"service":"auth-service","environment":"development","method":"GET","path":"/health","statusCode":200,"duration":18}}
2024-11-15 06:31:32 [info] [AUTH] Request processed: GET /health {"metadata":{"service":"auth-service","environment":"development","method":"GET","path":"/health","statusCode":200,"duration":7}}
2024-11-15 06:32:02 [info] [AUTH] Request processed: GET /health {"metadata":{"service":"auth-service","environment":"development","method":"GET","path":"/health","statusCode":200,"duration":16}}
2024-11-15 06:32:02 [info] [AUTH] Request processed: GET /health {"metadata":{"service":"auth-service","environment":"development","method":"GET","path":"/health","statusCode":200,"duration":29}}
2024-11-15 06:32:32 [info] [AUTH] Request processed: GET /health {"metadata":{"service":"auth-service","environment":"development","method":"GET","path":"/health","statusCode":200,"duration":16}}
2024-11-15 06:32:32 [info] [AUTH] Request processed: GET /health {"metadata":{"service":"auth-service","environment":"development","method":"GET","path":"/health","statusCode":200,"duration":3}}
2024-11-15 06:33:02 [info] [AUTH] Request processed: GET /health {"metadata":{"service":"auth-service","environment":"development","method":"GET","path":"/health","statusCode":200,"duration":15}}
2024-11-15 06:33:02 [info] [AUTH] Request processed: GET /health {"metadata":{"service":"auth-service","environment":"development","method":"GET","path":"/health","statusCode":200,"duration":3}}
2024-11-15 06:33:32 [info] [AUTH] Request processed: GET /health {"metadata":{"service":"auth-service","environment":"development","method":"GET","path":"/health","statusCode":200,"duration":12}}
2024-11-15 06:33:32 [info] [AUTH] Request processed: GET /health {"metadata":{"service":"auth-service","environment":"development","method":"GET","path":"/health","statusCode":200,"duration":7}}
2024-11-15 06:34:03 [info] [AUTH] Request processed: GET /health {"metadata":{"service":"auth-service","environment":"development","method":"GET","path":"/health","statusCode":200,"duration":16}}
2024-11-15 06:34:03 [info] [AUTH] Request processed: GET /health {"metadata":{"service":"auth-service","environment":"development","method":"GET","path":"/health","statusCode":200,"duration":4}}
2024-11-15 06:34:33 [info] [AUTH] Request processed: GET /health {"metadata":{"service":"auth-service","environment":"development","method":"GET","path":"/health","statusCode":200,"duration":17}}
2024-11-15 06:34:33 [info] [AUTH] Request processed: GET /health {"metadata":{"service":"auth-service","environment":"development","method":"GET","path":"/health","statusCode":200,"duration":4}}
2024-11-15 06:35:03 [info] [AUTH] Request processed: GET /health {"metadata":{"service":"auth-service","environment":"development","method":"GET","path":"/health","statusCode":200,"duration":13}}
2024-11-15 06:35:03 [info] [AUTH] Request processed: GET /health {"metadata":{"service":"auth-service","environment":"development","method":"GET","path":"/health","statusCode":200,"duration":4}}
2024-11-15 06:35:33 [info] [AUTH] Request processed: GET /health {"metadata":{"service":"auth-service","environment":"development","method":"GET","path":"/health","statusCode":200,"duration":14}}
2024-11-15 06:35:33 [info] [AUTH] Request processed: GET /health {"metadata":{"service":"auth-service","environment":"development","method":"GET","path":"/health","statusCode":200,"duration":3}}
2024-11-15 06:36:03 [info] [AUTH] Request processed: GET /health {"metadata":{"service":"auth-service","environment":"development","method":"GET","path":"/health","statusCode":200,"duration":12}}
2024-11-15 06:36:03 [info] [AUTH] Request processed: GET /health {"metadata":{"service":"auth-service","environment":"development","method":"GET","path":"/health","statusCode":200,"duration":4}}
2024-11-15 06:36:33 [info] [AUTH] Request processed: GET /health {"metadata":{"service":"auth-service","environment":"development","method":"GET","path":"/health","statusCode":200,"duration":14}}
2024-11-15 06:36:33 [info] [AUTH] Request processed: GET /health {"metadata":{"service":"auth-service","environment":"development","method":"GET","path":"/health","statusCode":200,"duration":5}}
2024-11-15 06:37:03 [info] [AUTH] Request processed: GET /health {"metadata":{"service":"auth-service","environment":"development","method":"GET","path":"/health","statusCode":200,"duration":16}}
2024-11-15 06:37:03 [info] [AUTH] Request processed: GET /health {"metadata":{"service":"auth-service","environment":"development","method":"GET","path":"/health","statusCode":200,"duration":6}}
2024-11-15 06:37:34 [info] [AUTH] Request processed: GET /health {"metadata":{"service":"auth-service","environment":"development","method":"GET","path":"/health","statusCode":200,"duration":18}}
2024-11-15 06:37:34 [info] [AUTH] Request processed: GET /health {"metadata":{"service":"auth-service","environment":"development","method":"GET","path":"/health","statusCode":200,"duration":13}}
2024-11-15 06:39:23 [info] [AUTH] AuthSaga initialized successfully {"metadata":{"service":"auth-service","environment":"development"}}
2024-11-15 06:39:24 [info] [AUTH] Database synchronized {"metadata":{"service":"auth-service","environment":"development"}}
2024-11-15 06:39:24 [info] [AUTH] Auth service running on port 3001 {"metadata":{"service":"auth-service","environment":"development"}}
2024-11-15 06:39:26 [info] [AUTH] Request processed: HEAD /health {"metadata":{"service":"auth-service","environment":"development","method":"HEAD","path":"/health","statusCode":200,"duration":41}}
2024-11-15 06:39:36 [info] [AUTH] Starting registration saga: reg-1731652776015 {"metadata":{"service":"auth-service","environment":"development"}}
2024-11-15 06:39:36 [info] [AUTH] New user created: 1 {"metadata":{"service":"auth-service","environment":"development"}}
2024-11-15 06:39:36 [info] [AUTH] User created in pending state: 1 {"metadata":{"service":"auth-service","environment":"development"}}
2024-11-15 06:39:36 [info] [AUTH] Validation completed for user: 1 {"metadata":{"service":"auth-service","environment":"development"}}
2024-11-15 06:39:36 [info] [AUTH] Registration saga completed successfully: reg-1731652776015 {"metadata":{"service":"auth-service","environment":"development"}}
2024-11-15 06:39:36 [info] [AUTH] User registered successfully: 1 {"metadata":{"service":"auth-service","environment":"development"}}
2024-11-15 06:39:36 [info] [AUTH] Request processed: POST /register {"metadata":{"service":"auth-service","environment":"development","method":"POST","path":"/register","statusCode":201,"duration":348}}
2024-11-15 06:39:42 [info] [AUTH] User logged in successfully: 1 {"metadata":{"service":"auth-service","environment":"development"}}
2024-11-15 06:39:42 [info] [AUTH] Request processed: POST /login {"metadata":{"service":"auth-service","environment":"development","method":"POST","path":"/login","statusCode":200,"duration":188}}
2024-11-15 06:39:48 [info] [AUTH] Request processed: GET /health {"metadata":{"service":"auth-service","environment":"development","method":"GET","path":"/health","statusCode":200,"duration":10}}
2024-11-15 06:39:49 [info] [AUTH] Request processed: GET /health {"metadata":{"service":"auth-service","environment":"development","method":"GET","path":"/health","statusCode":200,"duration":8}}
2024-11-15 06:40:10 [info] [AUTH] Request processed: GET /validate {"metadata":{"service":"auth-service","environment":"development","method":"GET","path":"/validate","statusCode":200,"duration":30}}
2024-11-15 06:40:10 [info] [AUTH] Request processed: GET /validate {"metadata":{"service":"auth-service","environment":"development","method":"GET","path":"/validate","statusCode":200,"duration":9}}
2024-11-15 06:40:11 [info] [AUTH] Request processed: GET /validate {"metadata":{"service":"auth-service","environment":"development","method":"GET","path":"/validate","statusCode":200,"duration":5}}
2024-11-15 06:40:12 [info] [AUTH] Request processed: GET /validate {"metadata":{"service":"auth-service","environment":"development","method":"GET","path":"/validate","statusCode":200,"duration":6}}
2024-11-15 06:40:18 [info] [AUTH] Request processed: GET /health {"metadata":{"service":"auth-service","environment":"development","method":"GET","path":"/health","statusCode":200,"duration":5}}
2024-11-15 06:40:19 [info] [AUTH] Request processed: GET /health {"metadata":{"service":"auth-service","environment":"development","method":"GET","path":"/health","statusCode":200,"duration":5}}
2024-11-15 06:40:49 [info] [AUTH] Request processed: GET /health {"metadata":{"service":"auth-service","environment":"development","method":"GET","path":"/health","statusCode":200,"duration":58}}
2024-11-15 06:40:49 [info] [AUTH] Request processed: GET /health {"metadata":{"service":"auth-service","environment":"development","method":"GET","path":"/health","statusCode":200,"duration":9}}
2024-11-15 06:41:19 [info] [AUTH] Request processed: GET /health {"metadata":{"service":"auth-service","environment":"development","method":"GET","path":"/health","statusCode":200,"duration":22}}
2024-11-15 06:41:19 [info] [AUTH] Request processed: GET /health {"metadata":{"service":"auth-service","environment":"development","method":"GET","path":"/health","statusCode":200,"duration":3}}
2024-11-15 06:41:49 [info] [AUTH] Request processed: GET /health {"metadata":{"service":"auth-service","environment":"development","method":"GET","path":"/health","statusCode":200,"duration":17}}
2024-11-15 06:41:49 [info] [AUTH] Request processed: GET /health {"metadata":{"service":"auth-service","environment":"development","method":"GET","path":"/health","statusCode":200,"duration":4}}
2024-11-15 06:42:04 [info] [AUTH] Request processed: GET /validate {"metadata":{"service":"auth-service","environment":"development","method":"GET","path":"/validate","statusCode":200,"duration":18}}
2024-11-15 06:42:04 [info] [AUTH] Request processed: GET /validate {"metadata":{"service":"auth-service","environment":"development","method":"GET","path":"/validate","statusCode":200,"duration":5}}
2024-11-15 06:42:04 [info] [AUTH] Request processed: GET /validate {"metadata":{"service":"auth-service","environment":"development","method":"GET","path":"/validate","statusCode":200,"duration":5}}
2024-11-15 06:42:05 [info] [AUTH] Request processed: GET /validate {"metadata":{"service":"auth-service","environment":"development","method":"GET","path":"/validate","statusCode":200,"duration":8}}
2024-11-15 06:42:19 [info] [AUTH] Request processed: GET /health {"metadata":{"service":"auth-service","environment":"development","method":"GET","path":"/health","statusCode":200,"duration":15}}
2024-11-15 06:42:19 [info] [AUTH] Request processed: GET /health {"metadata":{"service":"auth-service","environment":"development","method":"GET","path":"/health","statusCode":200,"duration":3}}
2024-11-15 06:42:49 [info] [AUTH] Request processed: GET /health {"metadata":{"service":"auth-service","environment":"development","method":"GET","path":"/health","statusCode":200,"duration":13}}
2024-11-15 06:42:49 [info] [AUTH] Request processed: GET /health {"metadata":{"service":"auth-service","environment":"development","method":"GET","path":"/health","statusCode":200,"duration":4}}
2024-11-15 06:43:19 [info] [AUTH] Request processed: GET /health {"metadata":{"service":"auth-service","environment":"development","method":"GET","path":"/health","statusCode":200,"duration":15}}
2024-11-15 06:43:20 [info] [AUTH] Request processed: GET /health {"metadata":{"service":"auth-service","environment":"development","method":"GET","path":"/health","statusCode":200,"duration":3}}
2024-11-15 06:43:49 [info] [AUTH] Request processed: GET /health {"metadata":{"service":"auth-service","environment":"development","method":"GET","path":"/health","statusCode":200,"duration":18}}
2024-11-15 06:43:50 [info] [AUTH] Request processed: GET /health {"metadata":{"service":"auth-service","environment":"development","method":"GET","path":"/health","statusCode":200,"duration":3}}
2024-11-15 06:44:20 [info] [AUTH] Request processed: GET /health {"metadata":{"service":"auth-service","environment":"development","method":"GET","path":"/health","statusCode":200,"duration":13}}
2024-11-15 06:44:20 [info] [AUTH] Request processed: GET /health {"metadata":{"service":"auth-service","environment":"development","method":"GET","path":"/health","statusCode":200,"duration":5}}
2024-11-15 06:44:50 [info] [AUTH] Request processed: GET /health {"metadata":{"service":"auth-service","environment":"development","method":"GET","path":"/health","statusCode":200,"duration":17}}
2024-11-15 06:44:50 [info] [AUTH] Request processed: GET /health {"metadata":{"service":"auth-service","environment":"development","method":"GET","path":"/health","statusCode":200,"duration":4}}
2024-11-15 06:45:20 [info] [AUTH] Request processed: GET /health {"metadata":{"service":"auth-service","environment":"development","method":"GET","path":"/health","statusCode":200,"duration":16}}
2024-11-15 06:45:20 [info] [AUTH] Request processed: GET /health {"metadata":{"service":"auth-service","environment":"development","method":"GET","path":"/health","statusCode":200,"duration":4}}
2024-11-15 06:45:45 [info] [AUTH] Request processed: GET /validate {"metadata":{"service":"auth-service","environment":"development","method":"GET","path":"/validate","statusCode":200,"duration":16}}
2024-11-15 06:45:50 [info] [AUTH] Request processed: GET /health {"metadata":{"service":"auth-service","environment":"development","method":"GET","path":"/health","statusCode":200,"duration":4}}
2024-11-15 06:45:50 [info] [AUTH] Request processed: GET /health {"metadata":{"service":"auth-service","environment":"development","method":"GET","path":"/health","statusCode":200,"duration":3}}
2024-11-15 06:46:20 [info] [AUTH] Request processed: GET /health {"metadata":{"service":"auth-service","environment":"development","method":"GET","path":"/health","statusCode":200,"duration":14}}
2024-11-15 06:46:20 [info] [AUTH] Request processed: GET /health {"metadata":{"service":"auth-service","environment":"development","method":"GET","path":"/health","statusCode":200,"duration":3}}
2024-11-15 06:46:50 [info] [AUTH] Request processed: GET /health {"metadata":{"service":"auth-service","environment":"development","method":"GET","path":"/health","statusCode":200,"duration":13}}
2024-11-15 06:46:50 [info] [AUTH] Request processed: GET /health {"metadata":{"service":"auth-service","environment":"development","method":"GET","path":"/health","statusCode":200,"duration":5}}
2024-11-15 06:47:20 [info] [AUTH] Request processed: GET /health {"metadata":{"service":"auth-service","environment":"development","method":"GET","path":"/health","statusCode":200,"duration":12}}
2024-11-15 06:47:20 [info] [AUTH] Request processed: GET /health {"metadata":{"service":"auth-service","environment":"development","method":"GET","path":"/health","statusCode":200,"duration":4}}
2024-11-15 06:47:51 [info] [AUTH] Request processed: GET /health {"metadata":{"service":"auth-service","environment":"development","method":"GET","path":"/health","statusCode":200,"duration":16}}
2024-11-15 06:47:51 [info] [AUTH] Request processed: GET /health {"metadata":{"service":"auth-service","environment":"development","method":"GET","path":"/health","statusCode":200,"duration":4}}
2024-11-15 06:48:21 [info] [AUTH] Request processed: GET /health {"metadata":{"service":"auth-service","environment":"development","method":"GET","path":"/health","statusCode":200,"duration":14}}
2024-11-15 06:48:21 [info] [AUTH] Request processed: GET /health {"metadata":{"service":"auth-service","environment":"development","method":"GET","path":"/health","statusCode":200,"duration":4}}
2024-11-15 06:48:51 [info] [AUTH] Request processed: GET /health {"metadata":{"service":"auth-service","environment":"development","method":"GET","path":"/health","statusCode":200,"duration":17}}
2024-11-15 06:48:51 [info] [AUTH] Request processed: GET /health {"metadata":{"service":"auth-service","environment":"development","method":"GET","path":"/health","statusCode":200,"duration":3}}
2024-11-15 06:48:57 [info] [AUTH] Request processed: GET /validate {"metadata":{"service":"auth-service","environment":"development","method":"GET","path":"/validate","statusCode":200,"duration":5}}
2024-11-15 06:48:57 [info] [AUTH] Request processed: GET /validate {"metadata":{"service":"auth-service","environment":"development","method":"GET","path":"/validate","statusCode":200,"duration":5}}
2024-11-15 06:48:57 [info] [AUTH] Request processed: GET /validate {"metadata":{"service":"auth-service","environment":"development","method":"GET","path":"/validate","statusCode":200,"duration":5}}
2024-11-15 06:48:58 [info] [AUTH] Request processed: GET /validate {"metadata":{"service":"auth-service","environment":"development","method":"GET","path":"/validate","statusCode":200,"duration":5}}
2024-11-15 06:49:00 [info] [AUTH] Request processed: GET /validate {"metadata":{"service":"auth-service","environment":"development","method":"GET","path":"/validate","statusCode":200,"duration":6}}
2024-11-15 06:49:00 [info] [AUTH] Request processed: GET /validate {"metadata":{"service":"auth-service","environment":"development","method":"GET","path":"/validate","statusCode":200,"duration":6}}
2024-11-15 06:49:00 [info] [AUTH] Request processed: GET /validate {"metadata":{"service":"auth-service","environment":"development","method":"GET","path":"/validate","statusCode":200,"duration":5}}
2024-11-15 06:49:01 [info] [AUTH] Request processed: GET /validate {"metadata":{"service":"auth-service","environment":"development","method":"GET","path":"/validate","statusCode":200,"duration":5}}
2024-11-15 06:49:02 [info] [AUTH] Request processed: GET /validate {"metadata":{"service":"auth-service","environment":"development","method":"GET","path":"/validate","statusCode":200,"duration":7}}
2024-11-15 06:49:02 [info] [AUTH] Request processed: GET /validate {"metadata":{"service":"auth-service","environment":"development","method":"GET","path":"/validate","statusCode":200,"duration":6}}
2024-11-15 06:49:02 [info] [AUTH] Request processed: GET /validate {"metadata":{"service":"auth-service","environment":"development","method":"GET","path":"/validate","statusCode":200,"duration":5}}
2024-11-15 06:49:03 [info] [AUTH] Request processed: GET /validate {"metadata":{"service":"auth-service","environment":"development","method":"GET","path":"/validate","statusCode":200,"duration":6}}
2024-11-15 06:49:04 [info] [AUTH] Request processed: GET /validate {"metadata":{"service":"auth-service","environment":"development","method":"GET","path":"/validate","statusCode":200,"duration":5}}
2024-11-15 06:49:04 [info] [AUTH] Request processed: GET /validate {"metadata":{"service":"auth-service","environment":"development","method":"GET","path":"/validate","statusCode":200,"duration":6}}
2024-11-15 06:49:04 [info] [AUTH] Request processed: GET /validate {"metadata":{"service":"auth-service","environment":"development","method":"GET","path":"/validate","statusCode":200,"duration":5}}
2024-11-15 06:49:05 [info] [AUTH] Request processed: GET /validate {"metadata":{"service":"auth-service","environment":"development","method":"GET","path":"/validate","statusCode":200,"duration":5}}
2024-11-15 06:49:06 [info] [AUTH] Request processed: GET /validate {"metadata":{"service":"auth-service","environment":"development","method":"GET","path":"/validate","statusCode":200,"duration":7}}
2024-11-15 06:49:06 [info] [AUTH] Request processed: GET /validate {"metadata":{"service":"auth-service","environment":"development","method":"GET","path":"/validate","statusCode":200,"duration":5}}
2024-11-15 06:49:06 [info] [AUTH] Request processed: GET /validate {"metadata":{"service":"auth-service","environment":"development","method":"GET","path":"/validate","statusCode":200,"duration":4}}
2024-11-15 06:49:08 [info] [AUTH] Request processed: GET /validate {"metadata":{"service":"auth-service","environment":"development","method":"GET","path":"/validate","statusCode":200,"duration":5}}
2024-11-15 06:49:09 [info] [AUTH] Request processed: GET /validate {"metadata":{"service":"auth-service","environment":"development","method":"GET","path":"/validate","statusCode":200,"duration":7}}
2024-11-15 06:49:09 [info] [AUTH] Request processed: GET /validate {"metadata":{"service":"auth-service","environment":"development","method":"GET","path":"/validate","statusCode":200,"duration":6}}
2024-11-15 06:49:09 [info] [AUTH] Request processed: GET /validate {"metadata":{"service":"auth-service","environment":"development","method":"GET","path":"/validate","statusCode":200,"duration":5}}
2024-11-15 06:49:10 [info] [AUTH] Request processed: GET /validate {"metadata":{"service":"auth-service","environment":"development","method":"GET","path":"/validate","statusCode":200,"duration":6}}
2024-11-15 06:49:21 [info] [AUTH] Request processed: GET /health {"metadata":{"service":"auth-service","environment":"development","method":"GET","path":"/health","statusCode":200,"duration":14}}
2024-11-15 06:49:21 [info] [AUTH] Request processed: GET /health {"metadata":{"service":"auth-service","environment":"development","method":"GET","path":"/health","statusCode":200,"duration":4}}
2024-11-15 06:49:51 [info] [AUTH] Request processed: GET /health {"metadata":{"service":"auth-service","environment":"development","method":"GET","path":"/health","statusCode":200,"duration":14}}
2024-11-15 06:49:51 [info] [AUTH] Request processed: GET /health {"metadata":{"service":"auth-service","environment":"development","method":"GET","path":"/health","statusCode":200,"duration":3}}
2024-11-15 06:50:21 [info] [AUTH] Request processed: GET /health {"metadata":{"service":"auth-service","environment":"development","method":"GET","path":"/health","statusCode":200,"duration":13}}
2024-11-15 06:50:21 [info] [AUTH] Request processed: GET /health {"metadata":{"service":"auth-service","environment":"development","method":"GET","path":"/health","statusCode":200,"duration":4}}
2024-11-15 06:50:51 [info] [AUTH] Request processed: GET /health {"metadata":{"service":"auth-service","environment":"development","method":"GET","path":"/health","statusCode":200,"duration":14}}
2024-11-15 06:50:51 [info] [AUTH] Request processed: GET /health {"metadata":{"service":"auth-service","environment":"development","method":"GET","path":"/health","statusCode":200,"duration":4}}
2024-11-15 06:51:22 [info] [AUTH] Request processed: GET /health {"metadata":{"service":"auth-service","environment":"development","method":"GET","path":"/health","statusCode":200,"duration":15}}
2024-11-15 06:51:22 [info] [AUTH] Request processed: GET /health {"metadata":{"service":"auth-service","environment":"development","method":"GET","path":"/health","statusCode":200,"duration":3}}
2024-11-15 06:51:52 [info] [AUTH] Request processed: GET /health {"metadata":{"service":"auth-service","environment":"development","method":"GET","path":"/health","statusCode":200,"duration":17}}
2024-11-15 06:51:52 [info] [AUTH] Request processed: GET /health {"metadata":{"service":"auth-service","environment":"development","method":"GET","path":"/health","statusCode":200,"duration":3}}
2024-11-15 06:52:22 [info] [AUTH] Request processed: GET /health {"metadata":{"service":"auth-service","environment":"development","method":"GET","path":"/health","statusCode":200,"duration":14}}
2024-11-15 06:52:22 [info] [AUTH] Request processed: GET /health {"metadata":{"service":"auth-service","environment":"development","method":"GET","path":"/health","statusCode":200,"duration":4}}
2024-11-15 06:52:52 [info] [AUTH] Request processed: GET /health {"metadata":{"service":"auth-service","environment":"development","method":"GET","path":"/health","statusCode":200,"duration":14}}
2024-11-15 06:52:52 [info] [AUTH] Request processed: GET /health {"metadata":{"service":"auth-service","environment":"development","method":"GET","path":"/health","statusCode":200,"duration":3}}
2024-11-15 06:53:22 [info] [AUTH] Request processed: GET /health {"metadata":{"service":"auth-service","environment":"development","method":"GET","path":"/health","statusCode":200,"duration":13}}
2024-11-15 06:53:22 [info] [AUTH] Request processed: GET /health {"metadata":{"service":"auth-service","environment":"development","method":"GET","path":"/health","statusCode":200,"duration":4}}
2024-11-15 06:53:52 [info] [AUTH] Request processed: GET /health {"metadata":{"service":"auth-service","environment":"development","method":"GET","path":"/health","statusCode":200,"duration":13}}
2024-11-15 06:53:52 [info] [AUTH] Request processed: GET /health {"metadata":{"service":"auth-service","environment":"development","method":"GET","path":"/health","statusCode":200,"duration":4}}
2024-11-15 06:54:22 [info] [AUTH] Request processed: GET /health {"metadata":{"service":"auth-service","environment":"development","method":"GET","path":"/health","statusCode":200,"duration":12}}
2024-11-15 06:54:22 [info] [AUTH] Request processed: GET /health {"metadata":{"service":"auth-service","environment":"development","method":"GET","path":"/health","statusCode":200,"duration":3}}
2024-11-15 06:54:52 [info] [AUTH] Request processed: GET /health {"metadata":{"service":"auth-service","environment":"development","method":"GET","path":"/health","statusCode":200,"duration":17}}
2024-11-15 06:54:52 [info] [AUTH] Request processed: GET /health {"metadata":{"service":"auth-service","environment":"development","method":"GET","path":"/health","statusCode":200,"duration":4}}
2024-11-15 06:55:23 [info] [AUTH] Request processed: GET /health {"metadata":{"service":"auth-service","environment":"development","method":"GET","path":"/health","statusCode":200,"duration":12}}
2024-11-15 06:55:23 [info] [AUTH] Request processed: GET /health {"metadata":{"service":"auth-service","environment":"development","method":"GET","path":"/health","statusCode":200,"duration":3}}
2024-11-15 06:55:53 [info] [AUTH] Request processed: GET /health {"metadata":{"service":"auth-service","environment":"development","method":"GET","path":"/health","statusCode":200,"duration":31}}
2024-11-15 06:55:53 [info] [AUTH] Request processed: GET /health {"metadata":{"service":"auth-service","environment":"development","method":"GET","path":"/health","statusCode":200,"duration":21}}
