{"level":"info","message":"AuthSaga initialized successfully","metadata":{"environment":"development","service":"auth-service"},"timestamp":"2024-11-15 05:48:31"}
{"level":"info","message":"Database synchronized","metadata":{"environment":"development","service":"auth-service"},"timestamp":"2024-11-15 05:48:32"}
{"level":"info","message":"Auth service running on port 3001","metadata":{"environment":"development","service":"auth-service"},"timestamp":"2024-11-15 05:48:32"}
{"level":"info","message":"Request processed: HEAD /health","metadata":{"duration":45,"environment":"development","method":"HEAD","path":"/health","service":"auth-service","statusCode":200},"timestamp":"2024-11-15 05:48:32"}
{"level":"info","message":"Starting registration saga: reg-1731649724813","metadata":{"environment":"development","service":"auth-service"},"timestamp":"2024-11-15 05:48:44"}
{"level":"info","message":"New user created: 1","metadata":{"environment":"development","service":"auth-service"},"timestamp":"2024-11-15 05:48:44"}
{"level":"info","message":"User created in pending state: 1","metadata":{"environment":"development","service":"auth-service"},"timestamp":"2024-11-15 05:48:44"}
{"level":"info","message":"Validation completed for user: 1","metadata":{"environment":"development","service":"auth-service"},"timestamp":"2024-11-15 05:48:44"}
{"level":"info","message":"Registration saga completed successfully: reg-1731649724813","metadata":{"environment":"development","service":"auth-service"},"timestamp":"2024-11-15 05:48:44"}
{"level":"info","message":"User registered successfully: 1","metadata":{"environment":"development","service":"auth-service"},"timestamp":"2024-11-15 05:48:44"}
{"level":"info","message":"Request processed: POST /register","metadata":{"duration":379,"environment":"development","method":"POST","path":"/register","service":"auth-service","statusCode":201},"timestamp":"2024-11-15 05:48:44"}
{"level":"info","message":"User logged in successfully: 1","metadata":{"environment":"development","service":"auth-service"},"timestamp":"2024-11-15 05:48:52"}
{"level":"info","message":"Request processed: POST /login","metadata":{"duration":193,"environment":"development","method":"POST","path":"/login","service":"auth-service","statusCode":200},"timestamp":"2024-11-15 05:48:52"}
{"level":"info","message":"Request processed: GET /health","metadata":{"duration":4,"environment":"development","method":"GET","path":"/health","service":"auth-service","statusCode":200},"timestamp":"2024-11-15 05:48:54"}
{"level":"info","message":"Request processed: GET /health","metadata":{"duration":4,"environment":"development","method":"GET","path":"/health","service":"auth-service","statusCode":200},"timestamp":"2024-11-15 05:48:54"}
{"level":"info","message":"Request processed: GET /health","metadata":{"duration":53,"environment":"development","method":"GET","path":"/health","service":"auth-service","statusCode":200},"timestamp":"2024-11-15 05:49:24"}
{"level":"info","message":"Request processed: GET /health","metadata":{"duration":4,"environment":"development","method":"GET","path":"/health","service":"auth-service","statusCode":200},"timestamp":"2024-11-15 05:49:24"}
{"level":"info","message":"Request processed: GET /validate","metadata":{"duration":24,"environment":"development","method":"GET","path":"/validate","service":"auth-service","statusCode":200},"timestamp":"2024-11-15 05:49:37"}
{"level":"info","message":"Request processed: GET /validate","metadata":{"duration":7,"environment":"development","method":"GET","path":"/validate","service":"auth-service","statusCode":200},"timestamp":"2024-11-15 05:49:37"}
{"level":"info","message":"Request processed: GET /health","metadata":{"duration":22,"environment":"development","method":"GET","path":"/health","service":"auth-service","statusCode":200},"timestamp":"2024-11-15 05:49:54"}
{"level":"info","message":"Request processed: GET /health","metadata":{"duration":5,"environment":"development","method":"GET","path":"/health","service":"auth-service","statusCode":200},"timestamp":"2024-11-15 05:49:55"}
{"level":"info","message":"Request processed: GET /health","metadata":{"duration":27,"environment":"development","method":"GET","path":"/health","service":"auth-service","statusCode":200},"timestamp":"2024-11-15 05:50:24"}
{"level":"info","message":"Request processed: GET /health","metadata":{"duration":5,"environment":"development","method":"GET","path":"/health","service":"auth-service","statusCode":200},"timestamp":"2024-11-15 05:50:25"}
{"level":"info","message":"Request processed: GET /health","metadata":{"duration":15,"environment":"development","method":"GET","path":"/health","service":"auth-service","statusCode":200},"timestamp":"2024-11-15 05:50:54"}
{"level":"info","message":"Request processed: GET /health","metadata":{"duration":6,"environment":"development","method":"GET","path":"/health","service":"auth-service","statusCode":200},"timestamp":"2024-11-15 05:50:55"}
{"level":"info","message":"Request processed: GET /health","metadata":{"duration":19,"environment":"development","method":"GET","path":"/health","service":"auth-service","statusCode":200},"timestamp":"2024-11-15 05:51:25"}
{"level":"info","message":"Request processed: GET /health","metadata":{"duration":5,"environment":"development","method":"GET","path":"/health","service":"auth-service","statusCode":200},"timestamp":"2024-11-15 05:51:25"}
{"level":"info","message":"Request processed: GET /health","metadata":{"duration":21,"environment":"development","method":"GET","path":"/health","service":"auth-service","statusCode":200},"timestamp":"2024-11-15 05:51:55"}
{"level":"info","message":"Request processed: GET /health","metadata":{"duration":5,"environment":"development","method":"GET","path":"/health","service":"auth-service","statusCode":200},"timestamp":"2024-11-15 05:51:55"}
{"level":"info","message":"Request processed: GET /health","metadata":{"duration":13,"environment":"development","method":"GET","path":"/health","service":"auth-service","statusCode":200},"timestamp":"2024-11-15 05:52:25"}
{"level":"info","message":"Request processed: GET /health","metadata":{"duration":6,"environment":"development","method":"GET","path":"/health","service":"auth-service","statusCode":200},"timestamp":"2024-11-15 05:52:26"}
{"level":"info","message":"Request processed: GET /health","metadata":{"duration":16,"environment":"development","method":"GET","path":"/health","service":"auth-service","statusCode":200},"timestamp":"2024-11-15 05:52:55"}
{"level":"info","message":"Request processed: GET /health","metadata":{"duration":3,"environment":"development","method":"GET","path":"/health","service":"auth-service","statusCode":200},"timestamp":"2024-11-15 05:52:56"}
{"level":"info","message":"Request processed: GET /health","metadata":{"duration":21,"environment":"development","method":"GET","path":"/health","service":"auth-service","statusCode":200},"timestamp":"2024-11-15 05:53:25"}
{"level":"info","message":"Request processed: GET /health","metadata":{"duration":4,"environment":"development","method":"GET","path":"/health","service":"auth-service","statusCode":200},"timestamp":"2024-11-15 05:53:26"}
{"level":"info","message":"Request processed: GET /health","metadata":{"duration":16,"environment":"development","method":"GET","path":"/health","service":"auth-service","statusCode":200},"timestamp":"2024-11-15 05:53:55"}
{"level":"info","message":"Request processed: GET /health","metadata":{"duration":4,"environment":"development","method":"GET","path":"/health","service":"auth-service","statusCode":200},"timestamp":"2024-11-15 05:53:56"}
{"level":"info","message":"Request processed: GET /health","metadata":{"duration":15,"environment":"development","method":"GET","path":"/health","service":"auth-service","statusCode":200},"timestamp":"2024-11-15 05:54:25"}
{"level":"info","message":"Request processed: GET /health","metadata":{"duration":4,"environment":"development","method":"GET","path":"/health","service":"auth-service","statusCode":200},"timestamp":"2024-11-15 05:54:26"}
{"level":"info","message":"Request processed: GET /health","metadata":{"duration":15,"environment":"development","method":"GET","path":"/health","service":"auth-service","statusCode":200},"timestamp":"2024-11-15 05:54:56"}
{"level":"info","message":"Request processed: GET /health","metadata":{"duration":4,"environment":"development","method":"GET","path":"/health","service":"auth-service","statusCode":200},"timestamp":"2024-11-15 05:54:56"}
{"level":"info","message":"Request processed: GET /health","metadata":{"duration":21,"environment":"development","method":"GET","path":"/health","service":"auth-service","statusCode":200},"timestamp":"2024-11-15 05:55:26"}
{"level":"info","message":"Request processed: GET /health","metadata":{"duration":5,"environment":"development","method":"GET","path":"/health","service":"auth-service","statusCode":200},"timestamp":"2024-11-15 05:55:27"}
{"level":"info","message":"Request processed: GET /health","metadata":{"duration":16,"environment":"development","method":"GET","path":"/health","service":"auth-service","statusCode":200},"timestamp":"2024-11-15 05:55:56"}
{"level":"info","message":"Request processed: GET /health","metadata":{"duration":4,"environment":"development","method":"GET","path":"/health","service":"auth-service","statusCode":200},"timestamp":"2024-11-15 05:55:57"}
{"level":"info","message":"Request processed: GET /health","metadata":{"duration":20,"environment":"development","method":"GET","path":"/health","service":"auth-service","statusCode":200},"timestamp":"2024-11-15 05:56:26"}
{"level":"info","message":"Request processed: GET /health","metadata":{"duration":4,"environment":"development","method":"GET","path":"/health","service":"auth-service","statusCode":200},"timestamp":"2024-11-15 05:56:27"}
{"level":"info","message":"Request processed: GET /health","metadata":{"duration":13,"environment":"development","method":"GET","path":"/health","service":"auth-service","statusCode":200},"timestamp":"2024-11-15 05:56:56"}
{"level":"info","message":"Request processed: GET /health","metadata":{"duration":3,"environment":"development","method":"GET","path":"/health","service":"auth-service","statusCode":200},"timestamp":"2024-11-15 05:56:57"}
{"level":"info","message":"Request processed: GET /health","metadata":{"duration":14,"environment":"development","method":"GET","path":"/health","service":"auth-service","statusCode":200},"timestamp":"2024-11-15 05:57:26"}
{"level":"info","message":"Request processed: GET /health","metadata":{"duration":3,"environment":"development","method":"GET","path":"/health","service":"auth-service","statusCode":200},"timestamp":"2024-11-15 05:57:27"}
{"level":"info","message":"Request processed: GET /health","metadata":{"duration":14,"environment":"development","method":"GET","path":"/health","service":"auth-service","statusCode":200},"timestamp":"2024-11-15 05:57:56"}
{"level":"info","message":"Request processed: GET /health","metadata":{"duration":4,"environment":"development","method":"GET","path":"/health","service":"auth-service","statusCode":200},"timestamp":"2024-11-15 05:57:57"}
{"level":"info","message":"Request processed: GET /health","metadata":{"duration":14,"environment":"development","method":"GET","path":"/health","service":"auth-service","statusCode":200},"timestamp":"2024-11-15 05:58:27"}
{"level":"info","message":"Request processed: GET /health","metadata":{"duration":4,"environment":"development","method":"GET","path":"/health","service":"auth-service","statusCode":200},"timestamp":"2024-11-15 05:58:27"}
{"level":"info","message":"Request processed: GET /health","metadata":{"duration":13,"environment":"development","method":"GET","path":"/health","service":"auth-service","statusCode":200},"timestamp":"2024-11-15 05:58:57"}
{"level":"info","message":"Request processed: GET /health","metadata":{"duration":5,"environment":"development","method":"GET","path":"/health","service":"auth-service","statusCode":200},"timestamp":"2024-11-15 05:58:58"}
{"level":"info","message":"Request processed: GET /health","metadata":{"duration":13,"environment":"development","method":"GET","path":"/health","service":"auth-service","statusCode":200},"timestamp":"2024-11-15 05:59:27"}
{"level":"info","message":"Request processed: GET /health","metadata":{"duration":4,"environment":"development","method":"GET","path":"/health","service":"auth-service","statusCode":200},"timestamp":"2024-11-15 05:59:28"}
{"level":"info","message":"Request processed: GET /health","metadata":{"duration":14,"environment":"development","method":"GET","path":"/health","service":"auth-service","statusCode":200},"timestamp":"2024-11-15 05:59:57"}
{"level":"info","message":"Request processed: GET /health","metadata":{"duration":4,"environment":"development","method":"GET","path":"/health","service":"auth-service","statusCode":200},"timestamp":"2024-11-15 05:59:58"}
{"level":"info","message":"Request processed: GET /health","metadata":{"duration":16,"environment":"development","method":"GET","path":"/health","service":"auth-service","statusCode":200},"timestamp":"2024-11-15 06:00:27"}
{"level":"info","message":"Request processed: GET /health","metadata":{"duration":4,"environment":"development","method":"GET","path":"/health","service":"auth-service","statusCode":200},"timestamp":"2024-11-15 06:00:28"}
{"level":"info","message":"Request processed: GET /health","metadata":{"duration":14,"environment":"development","method":"GET","path":"/health","service":"auth-service","statusCode":200},"timestamp":"2024-11-15 06:00:57"}
{"level":"info","message":"Request processed: GET /health","metadata":{"duration":3,"environment":"development","method":"GET","path":"/health","service":"auth-service","statusCode":200},"timestamp":"2024-11-15 06:00:58"}
{"level":"info","message":"Request processed: GET /health","metadata":{"duration":17,"environment":"development","method":"GET","path":"/health","service":"auth-service","statusCode":200},"timestamp":"2024-11-15 06:01:28"}
{"level":"info","message":"Request processed: GET /health","metadata":{"duration":3,"environment":"development","method":"GET","path":"/health","service":"auth-service","statusCode":200},"timestamp":"2024-11-15 06:01:28"}
{"level":"info","message":"Request processed: GET /health","metadata":{"duration":16,"environment":"development","method":"GET","path":"/health","service":"auth-service","statusCode":200},"timestamp":"2024-11-15 06:01:58"}
{"level":"info","message":"Request processed: GET /health","metadata":{"duration":3,"environment":"development","method":"GET","path":"/health","service":"auth-service","statusCode":200},"timestamp":"2024-11-15 06:01:59"}
{"level":"info","message":"Request processed: GET /health","metadata":{"duration":15,"environment":"development","method":"GET","path":"/health","service":"auth-service","statusCode":200},"timestamp":"2024-11-15 06:02:28"}
{"level":"info","message":"Request processed: GET /health","metadata":{"duration":5,"environment":"development","method":"GET","path":"/health","service":"auth-service","statusCode":200},"timestamp":"2024-11-15 06:02:29"}
{"level":"info","message":"Request processed: GET /health","metadata":{"duration":16,"environment":"development","method":"GET","path":"/health","service":"auth-service","statusCode":200},"timestamp":"2024-11-15 06:02:58"}
{"level":"info","message":"Request processed: GET /health","metadata":{"duration":3,"environment":"development","method":"GET","path":"/health","service":"auth-service","statusCode":200},"timestamp":"2024-11-15 06:02:59"}
{"level":"info","message":"Request processed: GET /health","metadata":{"duration":17,"environment":"development","method":"GET","path":"/health","service":"auth-service","statusCode":200},"timestamp":"2024-11-15 06:03:28"}
{"level":"info","message":"Request processed: GET /health","metadata":{"duration":4,"environment":"development","method":"GET","path":"/health","service":"auth-service","statusCode":200},"timestamp":"2024-11-15 06:03:29"}
{"level":"info","message":"Request processed: GET /health","metadata":{"duration":21,"environment":"development","method":"GET","path":"/health","service":"auth-service","statusCode":200},"timestamp":"2024-11-15 06:03:58"}
{"level":"info","message":"Request processed: GET /health","metadata":{"duration":3,"environment":"development","method":"GET","path":"/health","service":"auth-service","statusCode":200},"timestamp":"2024-11-15 06:03:59"}
{"level":"info","message":"AuthSaga initialized successfully","metadata":{"environment":"development","service":"auth-service"},"timestamp":"2024-11-15 06:05:34"}
{"level":"info","message":"Database synchronized","metadata":{"environment":"development","service":"auth-service"},"timestamp":"2024-11-15 06:05:34"}
{"level":"info","message":"Auth service running on port 3001","metadata":{"environment":"development","service":"auth-service"},"timestamp":"2024-11-15 06:05:34"}
{"level":"info","message":"Request processed: HEAD /health","metadata":{"duration":22,"environment":"development","method":"HEAD","path":"/health","service":"auth-service","statusCode":200},"timestamp":"2024-11-15 06:05:36"}
{"level":"info","message":"Starting registration saga: reg-1731650750830","metadata":{"environment":"development","service":"auth-service"},"timestamp":"2024-11-15 06:05:50"}
{"level":"info","message":"New user created: 1","metadata":{"environment":"development","service":"auth-service"},"timestamp":"2024-11-15 06:05:50"}
{"level":"info","message":"User created in pending state: 1","metadata":{"environment":"development","service":"auth-service"},"timestamp":"2024-11-15 06:05:50"}
{"level":"info","message":"Validation completed for user: 1","metadata":{"environment":"development","service":"auth-service"},"timestamp":"2024-11-15 06:05:50"}
{"level":"info","message":"Registration saga completed successfully: reg-1731650750830","metadata":{"environment":"development","service":"auth-service"},"timestamp":"2024-11-15 06:05:50"}
{"level":"info","message":"User registered successfully: 1","metadata":{"environment":"development","service":"auth-service"},"timestamp":"2024-11-15 06:05:50"}
{"level":"info","message":"Request processed: POST /register","metadata":{"duration":374,"environment":"development","method":"POST","path":"/register","service":"auth-service","statusCode":201},"timestamp":"2024-11-15 06:05:50"}
{"level":"info","message":"User logged in successfully: 1","metadata":{"environment":"development","service":"auth-service"},"timestamp":"2024-11-15 06:05:54"}
{"level":"info","message":"Request processed: POST /login","metadata":{"duration":240,"environment":"development","method":"POST","path":"/login","service":"auth-service","statusCode":200},"timestamp":"2024-11-15 06:05:54"}
{"level":"info","message":"Request processed: GET /health","metadata":{"duration":7,"environment":"development","method":"GET","path":"/health","service":"auth-service","statusCode":200},"timestamp":"2024-11-15 06:06:01"}
{"level":"info","message":"Request processed: GET /health","metadata":{"duration":6,"environment":"development","method":"GET","path":"/health","service":"auth-service","statusCode":200},"timestamp":"2024-11-15 06:06:01"}
{"level":"info","message":"Request processed: GET /validate","metadata":{"duration":35,"environment":"development","method":"GET","path":"/validate","service":"auth-service","statusCode":200},"timestamp":"2024-11-15 06:06:22"}
{"level":"info","message":"Request processed: GET /validate","metadata":{"duration":15,"environment":"development","method":"GET","path":"/validate","service":"auth-service","statusCode":200},"timestamp":"2024-11-15 06:06:22"}
{"level":"info","message":"Request processed: GET /validate","metadata":{"duration":6,"environment":"development","method":"GET","path":"/validate","service":"auth-service","statusCode":200},"timestamp":"2024-11-15 06:06:23"}
{"level":"info","message":"Request processed: GET /validate","metadata":{"duration":7,"environment":"development","method":"GET","path":"/validate","service":"auth-service","statusCode":200},"timestamp":"2024-11-15 06:06:24"}
{"level":"info","message":"Request processed: GET /health","metadata":{"duration":5,"environment":"development","method":"GET","path":"/health","service":"auth-service","statusCode":200},"timestamp":"2024-11-15 06:06:31"}
{"level":"info","message":"Request processed: GET /health","metadata":{"duration":7,"environment":"development","method":"GET","path":"/health","service":"auth-service","statusCode":200},"timestamp":"2024-11-15 06:06:32"}
{"level":"info","message":"Request processed: GET /health","metadata":{"duration":20,"environment":"development","method":"GET","path":"/health","service":"auth-service","statusCode":200},"timestamp":"2024-11-15 06:07:01"}
{"level":"info","message":"Request processed: GET /health","metadata":{"duration":6,"environment":"development","method":"GET","path":"/health","service":"auth-service","statusCode":200},"timestamp":"2024-11-15 06:07:02"}
{"level":"info","message":"Request processed: GET /health","metadata":{"duration":37,"environment":"development","method":"GET","path":"/health","service":"auth-service","statusCode":200},"timestamp":"2024-11-15 06:07:32"}
{"level":"info","message":"Request processed: GET /health","metadata":{"duration":3,"environment":"development","method":"GET","path":"/health","service":"auth-service","statusCode":200},"timestamp":"2024-11-15 06:07:32"}
{"level":"info","message":"Request processed: GET /health","metadata":{"duration":17,"environment":"development","method":"GET","path":"/health","service":"auth-service","statusCode":200},"timestamp":"2024-11-15 06:08:02"}
{"level":"info","message":"Request processed: GET /health","metadata":{"duration":5,"environment":"development","method":"GET","path":"/health","service":"auth-service","statusCode":200},"timestamp":"2024-11-15 06:08:02"}
{"level":"info","message":"Request processed: GET /health","metadata":{"duration":14,"environment":"development","method":"GET","path":"/health","service":"auth-service","statusCode":200},"timestamp":"2024-11-15 06:08:32"}
{"level":"info","message":"Request processed: GET /health","metadata":{"duration":3,"environment":"development","method":"GET","path":"/health","service":"auth-service","statusCode":200},"timestamp":"2024-11-15 06:08:32"}
{"level":"info","message":"Request processed: GET /health","metadata":{"duration":20,"environment":"development","method":"GET","path":"/health","service":"auth-service","statusCode":200},"timestamp":"2024-11-15 06:09:02"}
{"level":"info","message":"Request processed: GET /health","metadata":{"duration":12,"environment":"development","method":"GET","path":"/health","service":"auth-service","statusCode":200},"timestamp":"2024-11-15 06:09:02"}
{"level":"info","message":"Request processed: GET /health","metadata":{"duration":20,"environment":"development","method":"GET","path":"/health","service":"auth-service","statusCode":200},"timestamp":"2024-11-15 06:09:32"}
{"level":"info","message":"Request processed: GET /health","metadata":{"duration":5,"environment":"development","method":"GET","path":"/health","service":"auth-service","statusCode":200},"timestamp":"2024-11-15 06:09:32"}
{"level":"info","message":"Request processed: GET /health","metadata":{"duration":19,"environment":"development","method":"GET","path":"/health","service":"auth-service","statusCode":200},"timestamp":"2024-11-15 06:10:02"}
{"level":"info","message":"Request processed: GET /health","metadata":{"duration":5,"environment":"development","method":"GET","path":"/health","service":"auth-service","statusCode":200},"timestamp":"2024-11-15 06:10:02"}
{"level":"info","message":"Request processed: GET /health","metadata":{"duration":17,"environment":"development","method":"GET","path":"/health","service":"auth-service","statusCode":200},"timestamp":"2024-11-15 06:10:32"}
{"level":"info","message":"Request processed: GET /health","metadata":{"duration":4,"environment":"development","method":"GET","path":"/health","service":"auth-service","statusCode":200},"timestamp":"2024-11-15 06:10:32"}
{"level":"info","message":"Request processed: GET /health","metadata":{"duration":13,"environment":"development","method":"GET","path":"/health","service":"auth-service","statusCode":200},"timestamp":"2024-11-15 06:11:02"}
{"level":"info","message":"Request processed: GET /health","metadata":{"duration":7,"environment":"development","method":"GET","path":"/health","service":"auth-service","statusCode":200},"timestamp":"2024-11-15 06:11:02"}
{"level":"info","message":"Request processed: GET /health","metadata":{"duration":15,"environment":"development","method":"GET","path":"/health","service":"auth-service","statusCode":200},"timestamp":"2024-11-15 06:11:33"}
{"level":"info","message":"Request processed: GET /health","metadata":{"duration":3,"environment":"development","method":"GET","path":"/health","service":"auth-service","statusCode":200},"timestamp":"2024-11-15 06:11:33"}
{"level":"info","message":"Request processed: GET /health","metadata":{"duration":13,"environment":"development","method":"GET","path":"/health","service":"auth-service","statusCode":200},"timestamp":"2024-11-15 06:12:03"}
{"level":"info","message":"Request processed: GET /health","metadata":{"duration":4,"environment":"development","method":"GET","path":"/health","service":"auth-service","statusCode":200},"timestamp":"2024-11-15 06:12:03"}
{"level":"info","message":"Request processed: GET /health","metadata":{"duration":15,"environment":"development","method":"GET","path":"/health","service":"auth-service","statusCode":200},"timestamp":"2024-11-15 06:12:33"}
{"level":"info","message":"Request processed: GET /health","metadata":{"duration":3,"environment":"development","method":"GET","path":"/health","service":"auth-service","statusCode":200},"timestamp":"2024-11-15 06:12:33"}
{"level":"info","message":"Request processed: GET /health","metadata":{"duration":19,"environment":"development","method":"GET","path":"/health","service":"auth-service","statusCode":200},"timestamp":"2024-11-15 06:13:03"}
{"level":"info","message":"Request processed: GET /health","metadata":{"duration":4,"environment":"development","method":"GET","path":"/health","service":"auth-service","statusCode":200},"timestamp":"2024-11-15 06:13:03"}
{"level":"info","message":"Request processed: GET /health","metadata":{"duration":16,"environment":"development","method":"GET","path":"/health","service":"auth-service","statusCode":200},"timestamp":"2024-11-15 06:13:33"}
{"level":"info","message":"Request processed: GET /health","metadata":{"duration":3,"environment":"development","method":"GET","path":"/health","service":"auth-service","statusCode":200},"timestamp":"2024-11-15 06:13:33"}
{"level":"info","message":"Request processed: GET /health","metadata":{"duration":15,"environment":"development","method":"GET","path":"/health","service":"auth-service","statusCode":200},"timestamp":"2024-11-15 06:14:03"}
{"level":"info","message":"Request processed: GET /health","metadata":{"duration":3,"environment":"development","method":"GET","path":"/health","service":"auth-service","statusCode":200},"timestamp":"2024-11-15 06:14:03"}
{"level":"info","message":"Request processed: GET /health","metadata":{"duration":15,"environment":"development","method":"GET","path":"/health","service":"auth-service","statusCode":200},"timestamp":"2024-11-15 06:14:33"}
{"level":"info","message":"Request processed: GET /health","metadata":{"duration":3,"environment":"development","method":"GET","path":"/health","service":"auth-service","statusCode":200},"timestamp":"2024-11-15 06:14:33"}
{"level":"info","message":"Request processed: GET /health","metadata":{"duration":14,"environment":"development","method":"GET","path":"/health","service":"auth-service","statusCode":200},"timestamp":"2024-11-15 06:15:04"}
{"level":"info","message":"Request processed: GET /health","metadata":{"duration":3,"environment":"development","method":"GET","path":"/health","service":"auth-service","statusCode":200},"timestamp":"2024-11-15 06:15:04"}
{"level":"info","message":"Request processed: GET /health","metadata":{"duration":15,"environment":"development","method":"GET","path":"/health","service":"auth-service","statusCode":200},"timestamp":"2024-11-15 06:15:34"}
{"level":"info","message":"Request processed: GET /health","metadata":{"duration":6,"environment":"development","method":"GET","path":"/health","service":"auth-service","statusCode":200},"timestamp":"2024-11-15 06:15:34"}
{"level":"info","message":"Request processed: GET /health","metadata":{"duration":12,"environment":"development","method":"GET","path":"/health","service":"auth-service","statusCode":200},"timestamp":"2024-11-15 06:16:04"}
{"level":"info","message":"Request processed: GET /health","metadata":{"duration":3,"environment":"development","method":"GET","path":"/health","service":"auth-service","statusCode":200},"timestamp":"2024-11-15 06:16:04"}
{"level":"info","message":"Request processed: GET /health","metadata":{"duration":12,"environment":"development","method":"GET","path":"/health","service":"auth-service","statusCode":200},"timestamp":"2024-11-15 06:16:34"}
{"level":"info","message":"Request processed: GET /health","metadata":{"duration":9,"environment":"development","method":"GET","path":"/health","service":"auth-service","statusCode":200},"timestamp":"2024-11-15 06:16:34"}
{"level":"info","message":"Request processed: GET /health","metadata":{"duration":12,"environment":"development","method":"GET","path":"/health","service":"auth-service","statusCode":200},"timestamp":"2024-11-15 06:17:04"}
{"level":"info","message":"Request processed: GET /health","metadata":{"duration":3,"environment":"development","method":"GET","path":"/health","service":"auth-service","statusCode":200},"timestamp":"2024-11-15 06:17:04"}
{"level":"info","message":"Request processed: GET /health","metadata":{"duration":16,"environment":"development","method":"GET","path":"/health","service":"auth-service","statusCode":200},"timestamp":"2024-11-15 06:17:34"}
{"level":"info","message":"Request processed: GET /health","metadata":{"duration":3,"environment":"development","method":"GET","path":"/health","service":"auth-service","statusCode":200},"timestamp":"2024-11-15 06:17:34"}
{"level":"info","message":"Request processed: GET /health","metadata":{"duration":13,"environment":"development","method":"GET","path":"/health","service":"auth-service","statusCode":200},"timestamp":"2024-11-15 06:18:04"}
{"level":"info","message":"Request processed: GET /health","metadata":{"duration":5,"environment":"development","method":"GET","path":"/health","service":"auth-service","statusCode":200},"timestamp":"2024-11-15 06:18:04"}
{"level":"info","message":"Request processed: GET /health","metadata":{"duration":22,"environment":"development","method":"GET","path":"/health","service":"auth-service","statusCode":200},"timestamp":"2024-11-15 06:18:35"}
{"level":"info","message":"Request processed: GET /health","metadata":{"duration":4,"environment":"development","method":"GET","path":"/health","service":"auth-service","statusCode":200},"timestamp":"2024-11-15 06:18:35"}
{"level":"info","message":"Request processed: GET /health","metadata":{"duration":14,"environment":"development","method":"GET","path":"/health","service":"auth-service","statusCode":200},"timestamp":"2024-11-15 06:19:05"}
{"level":"info","message":"Request processed: GET /health","metadata":{"duration":3,"environment":"development","method":"GET","path":"/health","service":"auth-service","statusCode":200},"timestamp":"2024-11-15 06:19:05"}
{"level":"info","message":"Request processed: GET /health","metadata":{"duration":21,"environment":"development","method":"GET","path":"/health","service":"auth-service","statusCode":200},"timestamp":"2024-11-15 06:19:35"}
{"level":"info","message":"Request processed: GET /health","metadata":{"duration":14,"environment":"development","method":"GET","path":"/health","service":"auth-service","statusCode":200},"timestamp":"2024-11-15 06:19:35"}
{"level":"info","message":"Request processed: GET /health","metadata":{"duration":16,"environment":"development","method":"GET","path":"/health","service":"auth-service","statusCode":200},"timestamp":"2024-11-15 06:20:05"}
{"level":"info","message":"Request processed: GET /health","metadata":{"duration":3,"environment":"development","method":"GET","path":"/health","service":"auth-service","statusCode":200},"timestamp":"2024-11-15 06:20:05"}
{"level":"info","message":"Request processed: GET /health","metadata":{"duration":19,"environment":"development","method":"GET","path":"/health","service":"auth-service","statusCode":200},"timestamp":"2024-11-15 06:20:35"}
{"level":"info","message":"Request processed: GET /health","metadata":{"duration":5,"environment":"development","method":"GET","path":"/health","service":"auth-service","statusCode":200},"timestamp":"2024-11-15 06:20:35"}
{"level":"info","message":"Request processed: GET /health","metadata":{"duration":14,"environment":"development","method":"GET","path":"/health","service":"auth-service","statusCode":200},"timestamp":"2024-11-15 06:21:05"}
{"level":"info","message":"Request processed: GET /health","metadata":{"duration":6,"environment":"development","method":"GET","path":"/health","service":"auth-service","statusCode":200},"timestamp":"2024-11-15 06:21:05"}
{"level":"info","message":"Request processed: GET /health","metadata":{"duration":13,"environment":"development","method":"GET","path":"/health","service":"auth-service","statusCode":200},"timestamp":"2024-11-15 06:21:36"}
{"level":"info","message":"Request processed: GET /health","metadata":{"duration":2,"environment":"development","method":"GET","path":"/health","service":"auth-service","statusCode":200},"timestamp":"2024-11-15 06:21:36"}
{"level":"info","message":"Request processed: GET /health","metadata":{"duration":12,"environment":"development","method":"GET","path":"/health","service":"auth-service","statusCode":200},"timestamp":"2024-11-15 06:22:06"}
{"level":"info","message":"Request processed: GET /health","metadata":{"duration":3,"environment":"development","method":"GET","path":"/health","service":"auth-service","statusCode":200},"timestamp":"2024-11-15 06:22:06"}
{"level":"info","message":"Request processed: GET /health","metadata":{"duration":15,"environment":"development","method":"GET","path":"/health","service":"auth-service","statusCode":200},"timestamp":"2024-11-15 06:22:36"}
{"level":"info","message":"Request processed: GET /health","metadata":{"duration":17,"environment":"development","method":"GET","path":"/health","service":"auth-service","statusCode":200},"timestamp":"2024-11-15 06:22:36"}
{"level":"info","message":"Request processed: GET /health","metadata":{"duration":11,"environment":"development","method":"GET","path":"/health","service":"auth-service","statusCode":200},"timestamp":"2024-11-15 06:23:06"}
{"level":"info","message":"Request processed: GET /health","metadata":{"duration":3,"environment":"development","method":"GET","path":"/health","service":"auth-service","statusCode":200},"timestamp":"2024-11-15 06:23:06"}
{"level":"info","message":"Request processed: GET /health","metadata":{"duration":12,"environment":"development","method":"GET","path":"/health","service":"auth-service","statusCode":200},"timestamp":"2024-11-15 06:23:36"}
{"level":"info","message":"Request processed: GET /health","metadata":{"duration":4,"environment":"development","method":"GET","path":"/health","service":"auth-service","statusCode":200},"timestamp":"2024-11-15 06:23:36"}
{"level":"info","message":"Request processed: GET /health","metadata":{"duration":12,"environment":"development","method":"GET","path":"/health","service":"auth-service","statusCode":200},"timestamp":"2024-11-15 06:24:06"}
{"level":"info","message":"Request processed: GET /health","metadata":{"duration":3,"environment":"development","method":"GET","path":"/health","service":"auth-service","statusCode":200},"timestamp":"2024-11-15 06:24:06"}
{"level":"info","message":"Request processed: GET /health","metadata":{"duration":17,"environment":"development","method":"GET","path":"/health","service":"auth-service","statusCode":200},"timestamp":"2024-11-15 06:24:36"}
{"level":"info","message":"Request processed: GET /health","metadata":{"duration":4,"environment":"development","method":"GET","path":"/health","service":"auth-service","statusCode":200},"timestamp":"2024-11-15 06:24:36"}
{"level":"info","message":"Request processed: GET /health","metadata":{"duration":16,"environment":"development","method":"GET","path":"/health","service":"auth-service","statusCode":200},"timestamp":"2024-11-15 06:25:07"}
{"level":"info","message":"Request processed: GET /health","metadata":{"duration":3,"environment":"development","method":"GET","path":"/health","service":"auth-service","statusCode":200},"timestamp":"2024-11-15 06:25:07"}
{"level":"info","message":"AuthSaga initialized successfully","metadata":{"environment":"development","service":"auth-service"},"timestamp":"2024-11-15 06:26:33"}
{"level":"info","message":"Database synchronized","metadata":{"environment":"development","service":"auth-service"},"timestamp":"2024-11-15 06:26:33"}
{"level":"info","message":"Auth service running on port 3001","metadata":{"environment":"development","service":"auth-service"},"timestamp":"2024-11-15 06:26:33"}
{"level":"info","message":"Request processed: HEAD /health","metadata":{"duration":17,"environment":"development","method":"HEAD","path":"/health","service":"auth-service","statusCode":200},"timestamp":"2024-11-15 06:26:35"}
{"level":"info","message":"Starting registration saga: reg-1731652012379","metadata":{"environment":"development","service":"auth-service"},"timestamp":"2024-11-15 06:26:52"}
{"level":"info","message":"New user created: 1","metadata":{"environment":"development","service":"auth-service"},"timestamp":"2024-11-15 06:26:52"}
{"level":"info","message":"User created in pending state: 1","metadata":{"environment":"development","service":"auth-service"},"timestamp":"2024-11-15 06:26:52"}
{"level":"info","message":"Validation completed for user: 1","metadata":{"environment":"development","service":"auth-service"},"timestamp":"2024-11-15 06:26:52"}
{"level":"info","message":"Registration saga completed successfully: reg-1731652012379","metadata":{"environment":"development","service":"auth-service"},"timestamp":"2024-11-15 06:26:52"}
{"level":"info","message":"User registered successfully: 1","metadata":{"environment":"development","service":"auth-service"},"timestamp":"2024-11-15 06:26:52"}
{"level":"info","message":"Request processed: POST /register","metadata":{"duration":501,"environment":"development","method":"POST","path":"/register","service":"auth-service","statusCode":201},"timestamp":"2024-11-15 06:26:52"}
{"level":"info","message":"User logged in successfully: 1","metadata":{"environment":"development","service":"auth-service"},"timestamp":"2024-11-15 06:26:57"}
{"level":"info","message":"Request processed: POST /login","metadata":{"duration":238,"environment":"development","method":"POST","path":"/login","service":"auth-service","statusCode":200},"timestamp":"2024-11-15 06:26:57"}
{"level":"info","message":"Request processed: GET /health","metadata":{"duration":18,"environment":"development","method":"GET","path":"/health","service":"auth-service","statusCode":200},"timestamp":"2024-11-15 06:27:01"}
{"level":"info","message":"Request processed: GET /health","metadata":{"duration":7,"environment":"development","method":"GET","path":"/health","service":"auth-service","statusCode":200},"timestamp":"2024-11-15 06:27:01"}
{"level":"info","message":"Request processed: GET /validate","metadata":{"duration":58,"environment":"development","method":"GET","path":"/validate","service":"auth-service","statusCode":200},"timestamp":"2024-11-15 06:27:27"}
{"level":"info","message":"Request processed: GET /validate","metadata":{"duration":16,"environment":"development","method":"GET","path":"/validate","service":"auth-service","statusCode":200},"timestamp":"2024-11-15 06:27:27"}
{"level":"info","message":"Request processed: GET /health","metadata":{"duration":6,"environment":"development","method":"GET","path":"/health","service":"auth-service","statusCode":200},"timestamp":"2024-11-15 06:27:31"}
{"level":"info","message":"Request processed: GET /health","metadata":{"duration":16,"environment":"development","method":"GET","path":"/health","service":"auth-service","statusCode":200},"timestamp":"2024-11-15 06:27:31"}
{"level":"info","message":"Request processed: GET /health","metadata":{"duration":53,"environment":"development","method":"GET","path":"/health","service":"auth-service","statusCode":200},"timestamp":"2024-11-15 06:28:01"}
{"level":"info","message":"Request processed: GET /health","metadata":{"duration":4,"environment":"development","method":"GET","path":"/health","service":"auth-service","statusCode":200},"timestamp":"2024-11-15 06:28:01"}
{"level":"info","message":"Request processed: GET /health","metadata":{"duration":58,"environment":"development","method":"GET","path":"/health","service":"auth-service","statusCode":200},"timestamp":"2024-11-15 06:28:31"}
{"level":"info","message":"Request processed: GET /health","metadata":{"duration":18,"environment":"development","method":"GET","path":"/health","service":"auth-service","statusCode":200},"timestamp":"2024-11-15 06:28:31"}
{"level":"info","message":"Request processed: GET /health","metadata":{"duration":32,"environment":"development","method":"GET","path":"/health","service":"auth-service","statusCode":200},"timestamp":"2024-11-15 06:29:01"}
{"level":"info","message":"Request processed: GET /health","metadata":{"duration":5,"environment":"development","method":"GET","path":"/health","service":"auth-service","statusCode":200},"timestamp":"2024-11-15 06:29:01"}
{"level":"info","message":"Request processed: GET /health","metadata":{"duration":14,"environment":"development","method":"GET","path":"/health","service":"auth-service","statusCode":200},"timestamp":"2024-11-15 06:29:31"}
{"level":"info","message":"Request processed: GET /health","metadata":{"duration":4,"environment":"development","method":"GET","path":"/health","service":"auth-service","statusCode":200},"timestamp":"2024-11-15 06:29:31"}
{"level":"info","message":"Request processed: GET /health","metadata":{"duration":13,"environment":"development","method":"GET","path":"/health","service":"auth-service","statusCode":200},"timestamp":"2024-11-15 06:30:02"}
{"level":"info","message":"Request processed: GET /health","metadata":{"duration":3,"environment":"development","method":"GET","path":"/health","service":"auth-service","statusCode":200},"timestamp":"2024-11-15 06:30:02"}
{"level":"info","message":"Request processed: GET /health","metadata":{"duration":48,"environment":"development","method":"GET","path":"/health","service":"auth-service","statusCode":200},"timestamp":"2024-11-15 06:30:32"}
{"level":"info","message":"Request processed: GET /health","metadata":{"duration":4,"environment":"development","method":"GET","path":"/health","service":"auth-service","statusCode":200},"timestamp":"2024-11-15 06:30:32"}
{"level":"info","message":"Request processed: GET /health","metadata":{"duration":16,"environment":"development","method":"GET","path":"/health","service":"auth-service","statusCode":200},"timestamp":"2024-11-15 06:31:02"}
{"level":"info","message":"Request processed: GET /health","metadata":{"duration":5,"environment":"development","method":"GET","path":"/health","service":"auth-service","statusCode":200},"timestamp":"2024-11-15 06:31:02"}
{"level":"info","message":"Request processed: GET /health","metadata":{"duration":18,"environment":"development","method":"GET","path":"/health","service":"auth-service","statusCode":200},"timestamp":"2024-11-15 06:31:32"}
{"level":"info","message":"Request processed: GET /health","metadata":{"duration":7,"environment":"development","method":"GET","path":"/health","service":"auth-service","statusCode":200},"timestamp":"2024-11-15 06:31:32"}
{"level":"info","message":"Request processed: GET /health","metadata":{"duration":16,"environment":"development","method":"GET","path":"/health","service":"auth-service","statusCode":200},"timestamp":"2024-11-15 06:32:02"}
{"level":"info","message":"Request processed: GET /health","metadata":{"duration":29,"environment":"development","method":"GET","path":"/health","service":"auth-service","statusCode":200},"timestamp":"2024-11-15 06:32:02"}
{"level":"info","message":"Request processed: GET /health","metadata":{"duration":16,"environment":"development","method":"GET","path":"/health","service":"auth-service","statusCode":200},"timestamp":"2024-11-15 06:32:32"}
{"level":"info","message":"Request processed: GET /health","metadata":{"duration":3,"environment":"development","method":"GET","path":"/health","service":"auth-service","statusCode":200},"timestamp":"2024-11-15 06:32:32"}
{"level":"info","message":"Request processed: GET /health","metadata":{"duration":15,"environment":"development","method":"GET","path":"/health","service":"auth-service","statusCode":200},"timestamp":"2024-11-15 06:33:02"}
{"level":"info","message":"Request processed: GET /health","metadata":{"duration":3,"environment":"development","method":"GET","path":"/health","service":"auth-service","statusCode":200},"timestamp":"2024-11-15 06:33:02"}
{"level":"info","message":"Request processed: GET /health","metadata":{"duration":12,"environment":"development","method":"GET","path":"/health","service":"auth-service","statusCode":200},"timestamp":"2024-11-15 06:33:32"}
{"level":"info","message":"Request processed: GET /health","metadata":{"duration":7,"environment":"development","method":"GET","path":"/health","service":"auth-service","statusCode":200},"timestamp":"2024-11-15 06:33:32"}
{"level":"info","message":"Request processed: GET /health","metadata":{"duration":16,"environment":"development","method":"GET","path":"/health","service":"auth-service","statusCode":200},"timestamp":"2024-11-15 06:34:03"}
{"level":"info","message":"Request processed: GET /health","metadata":{"duration":4,"environment":"development","method":"GET","path":"/health","service":"auth-service","statusCode":200},"timestamp":"2024-11-15 06:34:03"}
{"level":"info","message":"Request processed: GET /health","metadata":{"duration":17,"environment":"development","method":"GET","path":"/health","service":"auth-service","statusCode":200},"timestamp":"2024-11-15 06:34:33"}
{"level":"info","message":"Request processed: GET /health","metadata":{"duration":4,"environment":"development","method":"GET","path":"/health","service":"auth-service","statusCode":200},"timestamp":"2024-11-15 06:34:33"}
{"level":"info","message":"Request processed: GET /health","metadata":{"duration":13,"environment":"development","method":"GET","path":"/health","service":"auth-service","statusCode":200},"timestamp":"2024-11-15 06:35:03"}
{"level":"info","message":"Request processed: GET /health","metadata":{"duration":4,"environment":"development","method":"GET","path":"/health","service":"auth-service","statusCode":200},"timestamp":"2024-11-15 06:35:03"}
{"level":"info","message":"Request processed: GET /health","metadata":{"duration":14,"environment":"development","method":"GET","path":"/health","service":"auth-service","statusCode":200},"timestamp":"2024-11-15 06:35:33"}
{"level":"info","message":"Request processed: GET /health","metadata":{"duration":3,"environment":"development","method":"GET","path":"/health","service":"auth-service","statusCode":200},"timestamp":"2024-11-15 06:35:33"}
{"level":"info","message":"Request processed: GET /health","metadata":{"duration":12,"environment":"development","method":"GET","path":"/health","service":"auth-service","statusCode":200},"timestamp":"2024-11-15 06:36:03"}
{"level":"info","message":"Request processed: GET /health","metadata":{"duration":4,"environment":"development","method":"GET","path":"/health","service":"auth-service","statusCode":200},"timestamp":"2024-11-15 06:36:03"}
{"level":"info","message":"Request processed: GET /health","metadata":{"duration":14,"environment":"development","method":"GET","path":"/health","service":"auth-service","statusCode":200},"timestamp":"2024-11-15 06:36:33"}
{"level":"info","message":"Request processed: GET /health","metadata":{"duration":5,"environment":"development","method":"GET","path":"/health","service":"auth-service","statusCode":200},"timestamp":"2024-11-15 06:36:33"}
{"level":"info","message":"Request processed: GET /health","metadata":{"duration":16,"environment":"development","method":"GET","path":"/health","service":"auth-service","statusCode":200},"timestamp":"2024-11-15 06:37:03"}
{"level":"info","message":"Request processed: GET /health","metadata":{"duration":6,"environment":"development","method":"GET","path":"/health","service":"auth-service","statusCode":200},"timestamp":"2024-11-15 06:37:03"}
{"level":"info","message":"Request processed: GET /health","metadata":{"duration":18,"environment":"development","method":"GET","path":"/health","service":"auth-service","statusCode":200},"timestamp":"2024-11-15 06:37:34"}
{"level":"info","message":"Request processed: GET /health","metadata":{"duration":13,"environment":"development","method":"GET","path":"/health","service":"auth-service","statusCode":200},"timestamp":"2024-11-15 06:37:34"}
{"level":"info","message":"AuthSaga initialized successfully","metadata":{"environment":"development","service":"auth-service"},"timestamp":"2024-11-15 06:39:23"}
{"level":"info","message":"Database synchronized","metadata":{"environment":"development","service":"auth-service"},"timestamp":"2024-11-15 06:39:24"}
{"level":"info","message":"Auth service running on port 3001","metadata":{"environment":"development","service":"auth-service"},"timestamp":"2024-11-15 06:39:24"}
{"level":"info","message":"Request processed: HEAD /health","metadata":{"duration":41,"environment":"development","method":"HEAD","path":"/health","service":"auth-service","statusCode":200},"timestamp":"2024-11-15 06:39:26"}
{"level":"info","message":"Starting registration saga: reg-1731652776015","metadata":{"environment":"development","service":"auth-service"},"timestamp":"2024-11-15 06:39:36"}
{"level":"info","message":"New user created: 1","metadata":{"environment":"development","service":"auth-service"},"timestamp":"2024-11-15 06:39:36"}
{"level":"info","message":"User created in pending state: 1","metadata":{"environment":"development","service":"auth-service"},"timestamp":"2024-11-15 06:39:36"}
{"level":"info","message":"Validation completed for user: 1","metadata":{"environment":"development","service":"auth-service"},"timestamp":"2024-11-15 06:39:36"}
{"level":"info","message":"Registration saga completed successfully: reg-1731652776015","metadata":{"environment":"development","service":"auth-service"},"timestamp":"2024-11-15 06:39:36"}
{"level":"info","message":"User registered successfully: 1","metadata":{"environment":"development","service":"auth-service"},"timestamp":"2024-11-15 06:39:36"}
{"level":"info","message":"Request processed: POST /register","metadata":{"duration":348,"environment":"development","method":"POST","path":"/register","service":"auth-service","statusCode":201},"timestamp":"2024-11-15 06:39:36"}
{"level":"info","message":"User logged in successfully: 1","metadata":{"environment":"development","service":"auth-service"},"timestamp":"2024-11-15 06:39:42"}
{"level":"info","message":"Request processed: POST /login","metadata":{"duration":188,"environment":"development","method":"POST","path":"/login","service":"auth-service","statusCode":200},"timestamp":"2024-11-15 06:39:42"}
{"level":"info","message":"Request processed: GET /health","metadata":{"duration":10,"environment":"development","method":"GET","path":"/health","service":"auth-service","statusCode":200},"timestamp":"2024-11-15 06:39:48"}
{"level":"info","message":"Request processed: GET /health","metadata":{"duration":8,"environment":"development","method":"GET","path":"/health","service":"auth-service","statusCode":200},"timestamp":"2024-11-15 06:39:49"}
{"level":"info","message":"Request processed: GET /validate","metadata":{"duration":30,"environment":"development","method":"GET","path":"/validate","service":"auth-service","statusCode":200},"timestamp":"2024-11-15 06:40:10"}
{"level":"info","message":"Request processed: GET /validate","metadata":{"duration":9,"environment":"development","method":"GET","path":"/validate","service":"auth-service","statusCode":200},"timestamp":"2024-11-15 06:40:10"}
{"level":"info","message":"Request processed: GET /validate","metadata":{"duration":5,"environment":"development","method":"GET","path":"/validate","service":"auth-service","statusCode":200},"timestamp":"2024-11-15 06:40:11"}
{"level":"info","message":"Request processed: GET /validate","metadata":{"duration":6,"environment":"development","method":"GET","path":"/validate","service":"auth-service","statusCode":200},"timestamp":"2024-11-15 06:40:12"}
{"level":"info","message":"Request processed: GET /health","metadata":{"duration":5,"environment":"development","method":"GET","path":"/health","service":"auth-service","statusCode":200},"timestamp":"2024-11-15 06:40:18"}
{"level":"info","message":"Request processed: GET /health","metadata":{"duration":5,"environment":"development","method":"GET","path":"/health","service":"auth-service","statusCode":200},"timestamp":"2024-11-15 06:40:19"}
{"level":"info","message":"Request processed: GET /health","metadata":{"duration":58,"environment":"development","method":"GET","path":"/health","service":"auth-service","statusCode":200},"timestamp":"2024-11-15 06:40:49"}
{"level":"info","message":"Request processed: GET /health","metadata":{"duration":9,"environment":"development","method":"GET","path":"/health","service":"auth-service","statusCode":200},"timestamp":"2024-11-15 06:40:49"}
{"level":"info","message":"Request processed: GET /health","metadata":{"duration":22,"environment":"development","method":"GET","path":"/health","service":"auth-service","statusCode":200},"timestamp":"2024-11-15 06:41:19"}
{"level":"info","message":"Request processed: GET /health","metadata":{"duration":3,"environment":"development","method":"GET","path":"/health","service":"auth-service","statusCode":200},"timestamp":"2024-11-15 06:41:19"}
{"level":"info","message":"Request processed: GET /health","metadata":{"duration":17,"environment":"development","method":"GET","path":"/health","service":"auth-service","statusCode":200},"timestamp":"2024-11-15 06:41:49"}
{"level":"info","message":"Request processed: GET /health","metadata":{"duration":4,"environment":"development","method":"GET","path":"/health","service":"auth-service","statusCode":200},"timestamp":"2024-11-15 06:41:49"}
{"level":"info","message":"Request processed: GET /validate","metadata":{"duration":18,"environment":"development","method":"GET","path":"/validate","service":"auth-service","statusCode":200},"timestamp":"2024-11-15 06:42:04"}
{"level":"info","message":"Request processed: GET /validate","metadata":{"duration":5,"environment":"development","method":"GET","path":"/validate","service":"auth-service","statusCode":200},"timestamp":"2024-11-15 06:42:04"}
{"level":"info","message":"Request processed: GET /validate","metadata":{"duration":5,"environment":"development","method":"GET","path":"/validate","service":"auth-service","statusCode":200},"timestamp":"2024-11-15 06:42:04"}
{"level":"info","message":"Request processed: GET /validate","metadata":{"duration":8,"environment":"development","method":"GET","path":"/validate","service":"auth-service","statusCode":200},"timestamp":"2024-11-15 06:42:05"}
{"level":"info","message":"Request processed: GET /health","metadata":{"duration":15,"environment":"development","method":"GET","path":"/health","service":"auth-service","statusCode":200},"timestamp":"2024-11-15 06:42:19"}
{"level":"info","message":"Request processed: GET /health","metadata":{"duration":3,"environment":"development","method":"GET","path":"/health","service":"auth-service","statusCode":200},"timestamp":"2024-11-15 06:42:19"}
{"level":"info","message":"Request processed: GET /health","metadata":{"duration":13,"environment":"development","method":"GET","path":"/health","service":"auth-service","statusCode":200},"timestamp":"2024-11-15 06:42:49"}
{"level":"info","message":"Request processed: GET /health","metadata":{"duration":4,"environment":"development","method":"GET","path":"/health","service":"auth-service","statusCode":200},"timestamp":"2024-11-15 06:42:49"}
{"level":"info","message":"Request processed: GET /health","metadata":{"duration":15,"environment":"development","method":"GET","path":"/health","service":"auth-service","statusCode":200},"timestamp":"2024-11-15 06:43:19"}
{"level":"info","message":"Request processed: GET /health","metadata":{"duration":3,"environment":"development","method":"GET","path":"/health","service":"auth-service","statusCode":200},"timestamp":"2024-11-15 06:43:20"}
{"level":"info","message":"Request processed: GET /health","metadata":{"duration":18,"environment":"development","method":"GET","path":"/health","service":"auth-service","statusCode":200},"timestamp":"2024-11-15 06:43:49"}
{"level":"info","message":"Request processed: GET /health","metadata":{"duration":3,"environment":"development","method":"GET","path":"/health","service":"auth-service","statusCode":200},"timestamp":"2024-11-15 06:43:50"}
{"level":"info","message":"Request processed: GET /health","metadata":{"duration":13,"environment":"development","method":"GET","path":"/health","service":"auth-service","statusCode":200},"timestamp":"2024-11-15 06:44:20"}
{"level":"info","message":"Request processed: GET /health","metadata":{"duration":5,"environment":"development","method":"GET","path":"/health","service":"auth-service","statusCode":200},"timestamp":"2024-11-15 06:44:20"}
{"level":"info","message":"Request processed: GET /health","metadata":{"duration":17,"environment":"development","method":"GET","path":"/health","service":"auth-service","statusCode":200},"timestamp":"2024-11-15 06:44:50"}
{"level":"info","message":"Request processed: GET /health","metadata":{"duration":4,"environment":"development","method":"GET","path":"/health","service":"auth-service","statusCode":200},"timestamp":"2024-11-15 06:44:50"}
{"level":"info","message":"Request processed: GET /health","metadata":{"duration":16,"environment":"development","method":"GET","path":"/health","service":"auth-service","statusCode":200},"timestamp":"2024-11-15 06:45:20"}
{"level":"info","message":"Request processed: GET /health","metadata":{"duration":4,"environment":"development","method":"GET","path":"/health","service":"auth-service","statusCode":200},"timestamp":"2024-11-15 06:45:20"}
{"level":"info","message":"Request processed: GET /validate","metadata":{"duration":16,"environment":"development","method":"GET","path":"/validate","service":"auth-service","statusCode":200},"timestamp":"2024-11-15 06:45:45"}
{"level":"info","message":"Request processed: GET /health","metadata":{"duration":4,"environment":"development","method":"GET","path":"/health","service":"auth-service","statusCode":200},"timestamp":"2024-11-15 06:45:50"}
{"level":"info","message":"Request processed: GET /health","metadata":{"duration":3,"environment":"development","method":"GET","path":"/health","service":"auth-service","statusCode":200},"timestamp":"2024-11-15 06:45:50"}
{"level":"info","message":"Request processed: GET /health","metadata":{"duration":14,"environment":"development","method":"GET","path":"/health","service":"auth-service","statusCode":200},"timestamp":"2024-11-15 06:46:20"}
{"level":"info","message":"Request processed: GET /health","metadata":{"duration":3,"environment":"development","method":"GET","path":"/health","service":"auth-service","statusCode":200},"timestamp":"2024-11-15 06:46:20"}
{"level":"info","message":"Request processed: GET /health","metadata":{"duration":13,"environment":"development","method":"GET","path":"/health","service":"auth-service","statusCode":200},"timestamp":"2024-11-15 06:46:50"}
{"level":"info","message":"Request processed: GET /health","metadata":{"duration":5,"environment":"development","method":"GET","path":"/health","service":"auth-service","statusCode":200},"timestamp":"2024-11-15 06:46:50"}
{"level":"info","message":"Request processed: GET /health","metadata":{"duration":12,"environment":"development","method":"GET","path":"/health","service":"auth-service","statusCode":200},"timestamp":"2024-11-15 06:47:20"}
{"level":"info","message":"Request processed: GET /health","metadata":{"duration":4,"environment":"development","method":"GET","path":"/health","service":"auth-service","statusCode":200},"timestamp":"2024-11-15 06:47:20"}
{"level":"info","message":"Request processed: GET /health","metadata":{"duration":16,"environment":"development","method":"GET","path":"/health","service":"auth-service","statusCode":200},"timestamp":"2024-11-15 06:47:51"}
{"level":"info","message":"Request processed: GET /health","metadata":{"duration":4,"environment":"development","method":"GET","path":"/health","service":"auth-service","statusCode":200},"timestamp":"2024-11-15 06:47:51"}
{"level":"info","message":"Request processed: GET /health","metadata":{"duration":14,"environment":"development","method":"GET","path":"/health","service":"auth-service","statusCode":200},"timestamp":"2024-11-15 06:48:21"}
{"level":"info","message":"Request processed: GET /health","metadata":{"duration":4,"environment":"development","method":"GET","path":"/health","service":"auth-service","statusCode":200},"timestamp":"2024-11-15 06:48:21"}
{"level":"info","message":"Request processed: GET /health","metadata":{"duration":17,"environment":"development","method":"GET","path":"/health","service":"auth-service","statusCode":200},"timestamp":"2024-11-15 06:48:51"}
{"level":"info","message":"Request processed: GET /health","metadata":{"duration":3,"environment":"development","method":"GET","path":"/health","service":"auth-service","statusCode":200},"timestamp":"2024-11-15 06:48:51"}
{"level":"info","message":"Request processed: GET /validate","metadata":{"duration":5,"environment":"development","method":"GET","path":"/validate","service":"auth-service","statusCode":200},"timestamp":"2024-11-15 06:48:57"}
{"level":"info","message":"Request processed: GET /validate","metadata":{"duration":5,"environment":"development","method":"GET","path":"/validate","service":"auth-service","statusCode":200},"timestamp":"2024-11-15 06:48:57"}
{"level":"info","message":"Request processed: GET /validate","metadata":{"duration":5,"environment":"development","method":"GET","path":"/validate","service":"auth-service","statusCode":200},"timestamp":"2024-11-15 06:48:57"}
{"level":"info","message":"Request processed: GET /validate","metadata":{"duration":5,"environment":"development","method":"GET","path":"/validate","service":"auth-service","statusCode":200},"timestamp":"2024-11-15 06:48:58"}
{"level":"info","message":"Request processed: GET /validate","metadata":{"duration":6,"environment":"development","method":"GET","path":"/validate","service":"auth-service","statusCode":200},"timestamp":"2024-11-15 06:49:00"}
{"level":"info","message":"Request processed: GET /validate","metadata":{"duration":6,"environment":"development","method":"GET","path":"/validate","service":"auth-service","statusCode":200},"timestamp":"2024-11-15 06:49:00"}
{"level":"info","message":"Request processed: GET /validate","metadata":{"duration":5,"environment":"development","method":"GET","path":"/validate","service":"auth-service","statusCode":200},"timestamp":"2024-11-15 06:49:00"}
{"level":"info","message":"Request processed: GET /validate","metadata":{"duration":5,"environment":"development","method":"GET","path":"/validate","service":"auth-service","statusCode":200},"timestamp":"2024-11-15 06:49:01"}
{"level":"info","message":"Request processed: GET /validate","metadata":{"duration":7,"environment":"development","method":"GET","path":"/validate","service":"auth-service","statusCode":200},"timestamp":"2024-11-15 06:49:02"}
{"level":"info","message":"Request processed: GET /validate","metadata":{"duration":6,"environment":"development","method":"GET","path":"/validate","service":"auth-service","statusCode":200},"timestamp":"2024-11-15 06:49:02"}
{"level":"info","message":"Request processed: GET /validate","metadata":{"duration":5,"environment":"development","method":"GET","path":"/validate","service":"auth-service","statusCode":200},"timestamp":"2024-11-15 06:49:02"}
{"level":"info","message":"Request processed: GET /validate","metadata":{"duration":6,"environment":"development","method":"GET","path":"/validate","service":"auth-service","statusCode":200},"timestamp":"2024-11-15 06:49:03"}
{"level":"info","message":"Request processed: GET /validate","metadata":{"duration":5,"environment":"development","method":"GET","path":"/validate","service":"auth-service","statusCode":200},"timestamp":"2024-11-15 06:49:04"}
{"level":"info","message":"Request processed: GET /validate","metadata":{"duration":6,"environment":"development","method":"GET","path":"/validate","service":"auth-service","statusCode":200},"timestamp":"2024-11-15 06:49:04"}
{"level":"info","message":"Request processed: GET /validate","metadata":{"duration":5,"environment":"development","method":"GET","path":"/validate","service":"auth-service","statusCode":200},"timestamp":"2024-11-15 06:49:04"}
{"level":"info","message":"Request processed: GET /validate","metadata":{"duration":5,"environment":"development","method":"GET","path":"/validate","service":"auth-service","statusCode":200},"timestamp":"2024-11-15 06:49:05"}
{"level":"info","message":"Request processed: GET /validate","metadata":{"duration":7,"environment":"development","method":"GET","path":"/validate","service":"auth-service","statusCode":200},"timestamp":"2024-11-15 06:49:06"}
{"level":"info","message":"Request processed: GET /validate","metadata":{"duration":5,"environment":"development","method":"GET","path":"/validate","service":"auth-service","statusCode":200},"timestamp":"2024-11-15 06:49:06"}
{"level":"info","message":"Request processed: GET /validate","metadata":{"duration":4,"environment":"development","method":"GET","path":"/validate","service":"auth-service","statusCode":200},"timestamp":"2024-11-15 06:49:06"}
{"level":"info","message":"Request processed: GET /validate","metadata":{"duration":5,"environment":"development","method":"GET","path":"/validate","service":"auth-service","statusCode":200},"timestamp":"2024-11-15 06:49:08"}
{"level":"info","message":"Request processed: GET /validate","metadata":{"duration":7,"environment":"development","method":"GET","path":"/validate","service":"auth-service","statusCode":200},"timestamp":"2024-11-15 06:49:09"}
{"level":"info","message":"Request processed: GET /validate","metadata":{"duration":6,"environment":"development","method":"GET","path":"/validate","service":"auth-service","statusCode":200},"timestamp":"2024-11-15 06:49:09"}
{"level":"info","message":"Request processed: GET /validate","metadata":{"duration":5,"environment":"development","method":"GET","path":"/validate","service":"auth-service","statusCode":200},"timestamp":"2024-11-15 06:49:09"}
{"level":"info","message":"Request processed: GET /validate","metadata":{"duration":6,"environment":"development","method":"GET","path":"/validate","service":"auth-service","statusCode":200},"timestamp":"2024-11-15 06:49:10"}
{"level":"info","message":"Request processed: GET /health","metadata":{"duration":14,"environment":"development","method":"GET","path":"/health","service":"auth-service","statusCode":200},"timestamp":"2024-11-15 06:49:21"}
{"level":"info","message":"Request processed: GET /health","metadata":{"duration":4,"environment":"development","method":"GET","path":"/health","service":"auth-service","statusCode":200},"timestamp":"2024-11-15 06:49:21"}
{"level":"info","message":"Request processed: GET /health","metadata":{"duration":14,"environment":"development","method":"GET","path":"/health","service":"auth-service","statusCode":200},"timestamp":"2024-11-15 06:49:51"}
{"level":"info","message":"Request processed: GET /health","metadata":{"duration":3,"environment":"development","method":"GET","path":"/health","service":"auth-service","statusCode":200},"timestamp":"2024-11-15 06:49:51"}
{"level":"info","message":"Request processed: GET /health","metadata":{"duration":13,"environment":"development","method":"GET","path":"/health","service":"auth-service","statusCode":200},"timestamp":"2024-11-15 06:50:21"}
{"level":"info","message":"Request processed: GET /health","metadata":{"duration":4,"environment":"development","method":"GET","path":"/health","service":"auth-service","statusCode":200},"timestamp":"2024-11-15 06:50:21"}
{"level":"info","message":"Request processed: GET /health","metadata":{"duration":14,"environment":"development","method":"GET","path":"/health","service":"auth-service","statusCode":200},"timestamp":"2024-11-15 06:50:51"}
{"level":"info","message":"Request processed: GET /health","metadata":{"duration":4,"environment":"development","method":"GET","path":"/health","service":"auth-service","statusCode":200},"timestamp":"2024-11-15 06:50:51"}
{"level":"info","message":"Request processed: GET /health","metadata":{"duration":15,"environment":"development","method":"GET","path":"/health","service":"auth-service","statusCode":200},"timestamp":"2024-11-15 06:51:22"}
{"level":"info","message":"Request processed: GET /health","metadata":{"duration":3,"environment":"development","method":"GET","path":"/health","service":"auth-service","statusCode":200},"timestamp":"2024-11-15 06:51:22"}
{"level":"info","message":"Request processed: GET /health","metadata":{"duration":17,"environment":"development","method":"GET","path":"/health","service":"auth-service","statusCode":200},"timestamp":"2024-11-15 06:51:52"}
{"level":"info","message":"Request processed: GET /health","metadata":{"duration":3,"environment":"development","method":"GET","path":"/health","service":"auth-service","statusCode":200},"timestamp":"2024-11-15 06:51:52"}
{"level":"info","message":"Request processed: GET /health","metadata":{"duration":14,"environment":"development","method":"GET","path":"/health","service":"auth-service","statusCode":200},"timestamp":"2024-11-15 06:52:22"}
{"level":"info","message":"Request processed: GET /health","metadata":{"duration":4,"environment":"development","method":"GET","path":"/health","service":"auth-service","statusCode":200},"timestamp":"2024-11-15 06:52:22"}
{"level":"info","message":"Request processed: GET /health","metadata":{"duration":14,"environment":"development","method":"GET","path":"/health","service":"auth-service","statusCode":200},"timestamp":"2024-11-15 06:52:52"}
{"level":"info","message":"Request processed: GET /health","metadata":{"duration":3,"environment":"development","method":"GET","path":"/health","service":"auth-service","statusCode":200},"timestamp":"2024-11-15 06:52:52"}
{"level":"info","message":"Request processed: GET /health","metadata":{"duration":13,"environment":"development","method":"GET","path":"/health","service":"auth-service","statusCode":200},"timestamp":"2024-11-15 06:53:22"}
{"level":"info","message":"Request processed: GET /health","metadata":{"duration":4,"environment":"development","method":"GET","path":"/health","service":"auth-service","statusCode":200},"timestamp":"2024-11-15 06:53:22"}
{"level":"info","message":"Request processed: GET /health","metadata":{"duration":13,"environment":"development","method":"GET","path":"/health","service":"auth-service","statusCode":200},"timestamp":"2024-11-15 06:53:52"}
{"level":"info","message":"Request processed: GET /health","metadata":{"duration":4,"environment":"development","method":"GET","path":"/health","service":"auth-service","statusCode":200},"timestamp":"2024-11-15 06:53:52"}
{"level":"info","message":"Request processed: GET /health","metadata":{"duration":12,"environment":"development","method":"GET","path":"/health","service":"auth-service","statusCode":200},"timestamp":"2024-11-15 06:54:22"}
{"level":"info","message":"Request processed: GET /health","metadata":{"duration":3,"environment":"development","method":"GET","path":"/health","service":"auth-service","statusCode":200},"timestamp":"2024-11-15 06:54:22"}
{"level":"info","message":"Request processed: GET /health","metadata":{"duration":17,"environment":"development","method":"GET","path":"/health","service":"auth-service","statusCode":200},"timestamp":"2024-11-15 06:54:52"}
{"level":"info","message":"Request processed: GET /health","metadata":{"duration":4,"environment":"development","method":"GET","path":"/health","service":"auth-service","statusCode":200},"timestamp":"2024-11-15 06:54:52"}
{"level":"info","message":"Request processed: GET /health","metadata":{"duration":12,"environment":"development","method":"GET","path":"/health","service":"auth-service","statusCode":200},"timestamp":"2024-11-15 06:55:23"}
{"level":"info","message":"Request processed: GET /health","metadata":{"duration":3,"environment":"development","method":"GET","path":"/health","service":"auth-service","statusCode":200},"timestamp":"2024-11-15 06:55:23"}
{"level":"info","message":"Request processed: GET /health","metadata":{"duration":31,"environment":"development","method":"GET","path":"/health","service":"auth-service","statusCode":200},"timestamp":"2024-11-15 06:55:53"}
{"level":"info","message":"Request processed: GET /health","metadata":{"duration":21,"environment":"development","method":"GET","path":"/health","service":"auth-service","statusCode":200},"timestamp":"2024-11-15 06:55:53"}
